Analysis & Synthesis report for I2C_SPI_UART
Thu Feb 26 19:23:39 2026
Quartus Prime Version 17.1.0 Build 590 10/25/2017 SJ Lite Edition


---------------------
; Table of Contents ;
---------------------
  1. Legal Notice
  2. Analysis & Synthesis Summary
  3. Analysis & Synthesis Settings
  4. Parallel Compilation
  5. Analysis & Synthesis Source Files Read
  6. Analysis & Synthesis Resource Usage Summary
  7. Analysis & Synthesis Resource Utilization by Entity
  8. Analysis & Synthesis IP Cores Summary
  9. State Machine - |I2C_SPI_UART|STATE
 10. Registers Removed During Synthesis
 11. Removed Registers Triggering Further Register Optimizations
 12. General Register Statistics
 13. Multiplexer Restructuring Statistics (Restructuring Performed)
 14. Source assignments for FIFO:FIFO_inst|scfifo:scfifo_component|scfifo_ep11:auto_generated|a_dpfifo_lv11:dpfifo|altsyncram_cvl1:FIFOram
 15. Parameter Settings for User Entity Instance: Top-level Entity: |I2C_SPI_UART
 16. Parameter Settings for User Entity Instance: FIFO:FIFO_inst|scfifo:scfifo_component
 17. scfifo Parameter Settings by Entity Instance
 18. Port Connectivity Checks: "FIFO:FIFO_inst"
 19. Post-Synthesis Netlist Statistics for Top Partition
 20. Elapsed Time Per Partition
 21. Analysis & Synthesis Messages



----------------
; Legal Notice ;
----------------
Copyright (C) 2017  Intel Corporation. All rights reserved.
Your use of Intel Corporation's design tools, logic functions 
and other software and tools, and its AMPP partner logic 
functions, and any output files from any of the foregoing 
(including device programming or simulation files), and any 
associated documentation or information are expressly subject 
to the terms and conditions of the Intel Program License 
Subscription Agreement, the Intel Quartus Prime License Agreement,
the Intel FPGA IP License Agreement, or other applicable license
agreement, including, without limitation, that your use is for
the sole purpose of programming logic devices manufactured by
Intel and sold by Intel or its authorized distributors.  Please
refer to the applicable agreement for further details.



+----------------------------------------------------------------------------------+
; Analysis & Synthesis Summary                                                     ;
+------------------------------------+---------------------------------------------+
; Analysis & Synthesis Status        ; Successful - Thu Feb 26 19:23:39 2026       ;
; Quartus Prime Version              ; 17.1.0 Build 590 10/25/2017 SJ Lite Edition ;
; Revision Name                      ; I2C_SPI_UART                                ;
; Top-level Entity Name              ; I2C_SPI_UART                                ;
; Family                             ; MAX 10                                      ;
; Total logic elements               ; 0                                           ;
;     Total combinational functions  ; 0                                           ;
;     Dedicated logic registers      ; 0                                           ;
; Total registers                    ; 0                                           ;
; Total pins                         ; 77                                          ;
; Total virtual pins                 ; 0                                           ;
; Total memory bits                  ; 0                                           ;
; Embedded Multiplier 9-bit elements ; 0                                           ;
; Total PLLs                         ; 0                                           ;
; UFM blocks                         ; 0                                           ;
; ADC blocks                         ; 0                                           ;
+------------------------------------+---------------------------------------------+


+----------------------------------------------------------------------------------------------------------------------+
; Analysis & Synthesis Settings                                                                                        ;
+----------------------------------------------------------------------------+--------------------+--------------------+
; Option                                                                     ; Setting            ; Default Value      ;
+----------------------------------------------------------------------------+--------------------+--------------------+
; Device                                                                     ; 10M08SCE144C8G     ;                    ;
; Top-level entity name                                                      ; I2C_SPI_UART       ; I2C_SPI_UART       ;
; Family name                                                                ; MAX 10             ; Cyclone V          ;
; Use smart compilation                                                      ; Off                ; Off                ;
; Enable parallel Assembler and TimeQuest Timing Analyzer during compilation ; On                 ; On                 ;
; Enable compact report table                                                ; Off                ; Off                ;
; Restructure Multiplexers                                                   ; Auto               ; Auto               ;
; Create Debugging Nodes for IP Cores                                        ; Off                ; Off                ;
; Preserve fewer node names                                                  ; On                 ; On                 ;
; Intel FPGA IP Evaluation Mode                                              ; Enable             ; Enable             ;
; Verilog Version                                                            ; Verilog_2001       ; Verilog_2001       ;
; VHDL Version                                                               ; VHDL_1993          ; VHDL_1993          ;
; State Machine Processing                                                   ; Auto               ; Auto               ;
; Safe State Machine                                                         ; Off                ; Off                ;
; Extract Verilog State Machines                                             ; On                 ; On                 ;
; Extract VHDL State Machines                                                ; On                 ; On                 ;
; Ignore Verilog initial constructs                                          ; Off                ; Off                ;
; Iteration limit for constant Verilog loops                                 ; 5000               ; 5000               ;
; Iteration limit for non-constant Verilog loops                             ; 250                ; 250                ;
; Add Pass-Through Logic to Inferred RAMs                                    ; On                 ; On                 ;
; Infer RAMs from Raw Logic                                                  ; On                 ; On                 ;
; Parallel Synthesis                                                         ; On                 ; On                 ;
; DSP Block Balancing                                                        ; Auto               ; Auto               ;
; NOT Gate Push-Back                                                         ; On                 ; On                 ;
; Power-Up Don't Care                                                        ; On                 ; On                 ;
; Remove Redundant Logic Cells                                               ; Off                ; Off                ;
; Remove Duplicate Registers                                                 ; On                 ; On                 ;
; Ignore CARRY Buffers                                                       ; Off                ; Off                ;
; Ignore CASCADE Buffers                                                     ; Off                ; Off                ;
; Ignore GLOBAL Buffers                                                      ; Off                ; Off                ;
; Ignore ROW GLOBAL Buffers                                                  ; Off                ; Off                ;
; Ignore LCELL Buffers                                                       ; Off                ; Off                ;
; Ignore SOFT Buffers                                                        ; On                 ; On                 ;
; Limit AHDL Integers to 32 Bits                                             ; Off                ; Off                ;
; Optimization Technique                                                     ; Balanced           ; Balanced           ;
; Carry Chain Length                                                         ; 70                 ; 70                 ;
; Auto Carry Chains                                                          ; On                 ; On                 ;
; Auto Open-Drain Pins                                                       ; On                 ; On                 ;
; Perform WYSIWYG Primitive Resynthesis                                      ; Off                ; Off                ;
; Auto ROM Replacement                                                       ; On                 ; On                 ;
; Auto RAM Replacement                                                       ; On                 ; On                 ;
; Auto DSP Block Replacement                                                 ; On                 ; On                 ;
; Auto Shift Register Replacement                                            ; Auto               ; Auto               ;
; Allow Shift Register Merging across Hierarchies                            ; Auto               ; Auto               ;
; Auto Clock Enable Replacement                                              ; On                 ; On                 ;
; Strict RAM Replacement                                                     ; Off                ; Off                ;
; Allow Synchronous Control Signals                                          ; On                 ; On                 ;
; Force Use of Synchronous Clear Signals                                     ; Off                ; Off                ;
; Auto RAM Block Balancing                                                   ; On                 ; On                 ;
; Auto RAM to Logic Cell Conversion                                          ; Off                ; Off                ;
; Auto Resource Sharing                                                      ; Off                ; Off                ;
; Allow Any RAM Size For Recognition                                         ; Off                ; Off                ;
; Allow Any ROM Size For Recognition                                         ; Off                ; Off                ;
; Allow Any Shift Register Size For Recognition                              ; Off                ; Off                ;
; Use LogicLock Constraints during Resource Balancing                        ; On                 ; On                 ;
; Ignore translate_off and synthesis_off directives                          ; Off                ; Off                ;
; Timing-Driven Synthesis                                                    ; On                 ; On                 ;
; Report Parameter Settings                                                  ; On                 ; On                 ;
; Report Source Assignments                                                  ; On                 ; On                 ;
; Report Connectivity Checks                                                 ; On                 ; On                 ;
; Ignore Maximum Fan-Out Assignments                                         ; Off                ; Off                ;
; Synchronization Register Chain Length                                      ; 2                  ; 2                  ;
; Power Optimization During Synthesis                                        ; Normal compilation ; Normal compilation ;
; HDL message level                                                          ; Level2             ; Level2             ;
; Suppress Register Optimization Related Messages                            ; Off                ; Off                ;
; Number of Removed Registers Reported in Synthesis Report                   ; 5000               ; 5000               ;
; Number of Swept Nodes Reported in Synthesis Report                         ; 5000               ; 5000               ;
; Number of Inverted Registers Reported in Synthesis Report                  ; 100                ; 100                ;
; Clock MUX Protection                                                       ; On                 ; On                 ;
; Auto Gated Clock Conversion                                                ; Off                ; Off                ;
; Block Design Naming                                                        ; Auto               ; Auto               ;
; SDC constraint protection                                                  ; Off                ; Off                ;
; Synthesis Effort                                                           ; Auto               ; Auto               ;
; Shift Register Replacement - Allow Asynchronous Clear Signal               ; On                 ; On                 ;
; Pre-Mapping Resynthesis Optimization                                       ; Off                ; Off                ;
; Analysis & Synthesis Message Level                                         ; Medium             ; Medium             ;
; Disable Register Merging Across Hierarchies                                ; Auto               ; Auto               ;
; Resource Aware Inference For Block RAM                                     ; On                 ; On                 ;
+----------------------------------------------------------------------------+--------------------+--------------------+


+------------------------------------------+
; Parallel Compilation                     ;
+----------------------------+-------------+
; Processors                 ; Number      ;
+----------------------------+-------------+
; Number detected on machine ; 8           ;
; Maximum allowed            ; 4           ;
;                            ;             ;
; Average used               ; 1.00        ;
; Maximum used               ; 1           ;
;                            ;             ;
; Usage by Processor         ; % Time Used ;
;     Processor 1            ; 100.0%      ;
+----------------------------+-------------+


+------------------------------------------------------------------------------------------------------------------------------------------------------------------------------------------------+
; Analysis & Synthesis Source Files Read                                                                                                                                                         ;
+----------------------------------+-----------------+------------------------------+--------------------------------------------------------------------------------------------------+---------+
; File Name with User-Entered Path ; Used in Netlist ; File Type                    ; File Name with Absolute Path                                                                     ; Library ;
+----------------------------------+-----------------+------------------------------+--------------------------------------------------------------------------------------------------+---------+
; I2C_SPI_UART.vhd                 ; yes             ; User VHDL File               ; C:/Users/steel/Documents/FPGA_tasks/FPGA_REPO/FPGA-practices/I2C+SPI+UART/I2C_SPI_UART.vhd       ;         ;
; FIFO.vhd                         ; yes             ; User Wizard-Generated File   ; C:/Users/steel/Documents/FPGA_tasks/FPGA_REPO/FPGA-practices/I2C+SPI+UART/FIFO.vhd               ;         ;
; scfifo.tdf                       ; yes             ; Megafunction                 ; c:/intelfpga_lite/17.1/quartus/libraries/megafunctions/scfifo.tdf                                ;         ;
; a_regfifo.inc                    ; yes             ; Megafunction                 ; c:/intelfpga_lite/17.1/quartus/libraries/megafunctions/a_regfifo.inc                             ;         ;
; a_dpfifo.inc                     ; yes             ; Megafunction                 ; c:/intelfpga_lite/17.1/quartus/libraries/megafunctions/a_dpfifo.inc                              ;         ;
; a_i2fifo.inc                     ; yes             ; Megafunction                 ; c:/intelfpga_lite/17.1/quartus/libraries/megafunctions/a_i2fifo.inc                              ;         ;
; a_fffifo.inc                     ; yes             ; Megafunction                 ; c:/intelfpga_lite/17.1/quartus/libraries/megafunctions/a_fffifo.inc                              ;         ;
; a_f2fifo.inc                     ; yes             ; Megafunction                 ; c:/intelfpga_lite/17.1/quartus/libraries/megafunctions/a_f2fifo.inc                              ;         ;
; aglobal171.inc                   ; yes             ; Megafunction                 ; c:/intelfpga_lite/17.1/quartus/libraries/megafunctions/aglobal171.inc                            ;         ;
; db/scfifo_ep11.tdf               ; yes             ; Auto-Generated Megafunction  ; C:/Users/steel/Documents/FPGA_tasks/FPGA_REPO/FPGA-practices/I2C+SPI+UART/db/scfifo_ep11.tdf     ;         ;
; db/a_dpfifo_lv11.tdf             ; yes             ; Auto-Generated Megafunction  ; C:/Users/steel/Documents/FPGA_tasks/FPGA_REPO/FPGA-practices/I2C+SPI+UART/db/a_dpfifo_lv11.tdf   ;         ;
; db/a_fefifo_u7e.tdf              ; yes             ; Auto-Generated Megafunction  ; C:/Users/steel/Documents/FPGA_tasks/FPGA_REPO/FPGA-practices/I2C+SPI+UART/db/a_fefifo_u7e.tdf    ;         ;
; db/cntr_437.tdf                  ; yes             ; Auto-Generated Megafunction  ; C:/Users/steel/Documents/FPGA_tasks/FPGA_REPO/FPGA-practices/I2C+SPI+UART/db/cntr_437.tdf        ;         ;
; db/altsyncram_cvl1.tdf           ; yes             ; Auto-Generated Megafunction  ; C:/Users/steel/Documents/FPGA_tasks/FPGA_REPO/FPGA-practices/I2C+SPI+UART/db/altsyncram_cvl1.tdf ;         ;
; db/cntr_o2b.tdf                  ; yes             ; Auto-Generated Megafunction  ; C:/Users/steel/Documents/FPGA_tasks/FPGA_REPO/FPGA-practices/I2C+SPI+UART/db/cntr_o2b.tdf        ;         ;
+----------------------------------+-----------------+------------------------------+--------------------------------------------------------------------------------------------------+---------+


+------------------------------------------------------------+
; Analysis & Synthesis Resource Usage Summary                ;
+---------------------------------------------+--------------+
; Resource                                    ; Usage        ;
+---------------------------------------------+--------------+
;                                             ;              ;
; Total combinational functions               ; 0            ;
; Logic element usage by number of LUT inputs ;              ;
;     -- 4 input functions                    ; 0            ;
;     -- 3 input functions                    ; 0            ;
;     -- <=2 input functions                  ; 0            ;
;                                             ;              ;
; Logic elements by mode                      ;              ;
;     -- normal mode                          ; 0            ;
;     -- arithmetic mode                      ; 0            ;
;                                             ;              ;
; Total registers                             ; 0            ;
;     -- Dedicated logic registers            ; 0            ;
;     -- I/O registers                        ; 0            ;
;                                             ;              ;
; I/O pins                                    ; 77           ;
;                                             ;              ;
; Embedded Multiplier 9-bit elements          ; 0            ;
;                                             ;              ;
; Maximum fan-out node                        ; SPI_X_OUT[0] ;
; Maximum fan-out                             ; 1            ;
; Total fan-out                               ; 77           ;
; Average fan-out                             ; 0.50         ;
+---------------------------------------------+--------------+


+-------------------------------------------------------------------------------------------------------------------------------------------------------------------------------------------------------------------------------------+
; Analysis & Synthesis Resource Utilization by Entity                                                                                                                                                                                 ;
+----------------------------+---------------------+---------------------------+-------------+------------+--------------+---------+-----------+------+--------------+------------+---------------------+--------------+--------------+
; Compilation Hierarchy Node ; Combinational ALUTs ; Dedicated Logic Registers ; Memory Bits ; UFM Blocks ; DSP Elements ; DSP 9x9 ; DSP 18x18 ; Pins ; Virtual Pins ; ADC blocks ; Full Hierarchy Name ; Entity Name  ; Library Name ;
+----------------------------+---------------------+---------------------------+-------------+------------+--------------+---------+-----------+------+--------------+------------+---------------------+--------------+--------------+
; |I2C_SPI_UART              ; 0 (0)               ; 0 (0)                     ; 0           ; 0          ; 0            ; 0       ; 0         ; 77   ; 0            ; 0          ; |I2C_SPI_UART       ; I2C_SPI_UART ; work         ;
+----------------------------+---------------------+---------------------------+-------------+------------+--------------+---------+-----------+------+--------------+------------+---------------------+--------------+--------------+
Note: For table entries with two numbers listed, the numbers in parentheses indicate the number of resources of the given type used by the specific entity alone. The numbers listed outside of parentheses indicate the total resources of the given type used by the specific entity and all of its sub-entities in the hierarchy.


+----------------------------------------------------------------------------------------------------------------+
; Analysis & Synthesis IP Cores Summary                                                                          ;
+--------+--------------+---------+--------------+--------------+------------------------------+-----------------+
; Vendor ; IP Core Name ; Version ; Release Date ; License Type ; Entity Instance              ; IP Include File ;
+--------+--------------+---------+--------------+--------------+------------------------------+-----------------+
; Altera ; FIFO         ; 17.1    ; N/A          ; N/A          ; |I2C_SPI_UART|FIFO:FIFO_inst ; FIFO.vhd        ;
+--------+--------------+---------+--------------+--------------+------------------------------+-----------------+


Encoding Type:  One-Hot
+-----------------------------------------------------------------------------------------------------------------+
; State Machine - |I2C_SPI_UART|STATE                                                                             ;
+-------------------+------------+----------------+---------------+-------------------+--------------+------------+
; Name              ; STATE.DONE ; STATE.CHECKSUM ; STATE.PAYLOAD ; STATE.DATA_LENGTH ; STATE.HEADER ; STATE.IDLE ;
+-------------------+------------+----------------+---------------+-------------------+--------------+------------+
; STATE.IDLE        ; 0          ; 0              ; 0             ; 0                 ; 0            ; 0          ;
; STATE.HEADER      ; 0          ; 0              ; 0             ; 0                 ; 1            ; 1          ;
; STATE.DATA_LENGTH ; 0          ; 0              ; 0             ; 1                 ; 0            ; 1          ;
; STATE.PAYLOAD     ; 0          ; 0              ; 1             ; 0                 ; 0            ; 1          ;
; STATE.CHECKSUM    ; 0          ; 1              ; 0             ; 0                 ; 0            ; 1          ;
; STATE.DONE        ; 1          ; 0              ; 0             ; 0                 ; 0            ; 1          ;
+-------------------+------------+----------------+---------------+-------------------+--------------+------------+


+---------------------------------------------------------------------------------------------------------------------------------------------------------------------------------------------------------+
; Registers Removed During Synthesis                                                                                                                                                                      ;
+-----------------------------------------------------------------------------------------------------------------------------------------------------------+---------------------------------------------+
; Register name                                                                                                                                             ; Reason for Removal                          ;
+-----------------------------------------------------------------------------------------------------------------------------------------------------------+---------------------------------------------+
; FIFO:FIFO_inst|scfifo:scfifo_component|scfifo_ep11:auto_generated|a_dpfifo_lv11:dpfifo|cntr_o2b:rd_ptr_count|counter_reg_bit[0..6]                        ; Stuck at GND due to stuck port clock_enable ;
; SPI_BUFFER[0..47]                                                                                                                                         ; Lost fanout                                 ;
; I2C_BUFFER[0..15]                                                                                                                                         ; Lost fanout                                 ;
; data_sig[0..7]                                                                                                                                            ; Lost fanout                                 ;
; CHECKSUM_ACC[0..7]                                                                                                                                        ; Lost fanout                                 ;
; FIFO:FIFO_inst|scfifo:scfifo_component|scfifo_ep11:auto_generated|a_dpfifo_lv11:dpfifo|cntr_o2b:wr_ptr|counter_reg_bit[0..6]                              ; Lost fanout                                 ;
; FIFO:FIFO_inst|scfifo:scfifo_component|scfifo_ep11:auto_generated|a_dpfifo_lv11:dpfifo|a_fefifo_u7e:fifo_state|b_full                                     ; Stuck at VCC due to stuck port data_in      ;
; PAYLOAD_COUNTER[0..31]                                                                                                                                    ; Stuck at GND due to stuck port clock_enable ;
; wrreq_sig                                                                                                                                                 ; Stuck at GND due to stuck port data_in      ;
; FIFO:FIFO_inst|scfifo:scfifo_component|scfifo_ep11:auto_generated|a_dpfifo_lv11:dpfifo|a_fefifo_u7e:fifo_state|b_non_empty                                ; Lost fanout                                 ;
; FIFO:FIFO_inst|scfifo:scfifo_component|scfifo_ep11:auto_generated|a_dpfifo_lv11:dpfifo|a_fefifo_u7e:fifo_state|cntr_437:count_usedw|counter_reg_bit[0..6] ; Stuck at GND due to stuck port clock_enable ;
; PROCESSING_I2C                                                                                                                                            ; Lost fanout                                 ;
; STATE.DONE                                                                                                                                                ; Stuck at GND due to stuck port data_in      ;
; SPI_PEDING                                                                                                                                                ; Lost fanout                                 ;
; I2C_PENDING                                                                                                                                               ; Lost fanout                                 ;
; SPI_READY_PULSE                                                                                                                                           ; Lost fanout                                 ;
; NEXT_PRIORITY                                                                                                                                             ; Lost fanout                                 ;
; I2C_READY_PULSE                                                                                                                                           ; Lost fanout                                 ;
; SPI_READY_PREV                                                                                                                                            ; Lost fanout                                 ;
; I2C_READY_PREV                                                                                                                                            ; Lost fanout                                 ;
; STATE.IDLE                                                                                                                                                ; Lost fanout                                 ;
; STATE.HEADER                                                                                                                                              ; Lost fanout                                 ;
; STATE.DATA_LENGTH                                                                                                                                         ; Lost fanout                                 ;
; STATE.PAYLOAD                                                                                                                                             ; Lost fanout                                 ;
; STATE.CHECKSUM                                                                                                                                            ; Lost fanout                                 ;
; Total Number of Removed Registers = 150                                                                                                                   ;                                             ;
+-----------------------------------------------------------------------------------------------------------------------------------------------------------+---------------------------------------------+


+----------------------------------------------------------------------------------------------------------------------------------------------------------------------------------------------------------------------------------------------------------------------------------------------------------------------------+
; Removed Registers Triggering Further Register Optimizations                                                                                                                                                                                                                                                                ;
+---------------------------------------------------------------------------------------------------------------------------------+--------------------------------+---------------------------------------------------------------------------------------------------------------------------------------------------------+
; Register name                                                                                                                   ; Reason for Removal             ; Registers Removed due to This Register                                                                                                                  ;
+---------------------------------------------------------------------------------------------------------------------------------+--------------------------------+---------------------------------------------------------------------------------------------------------------------------------------------------------+
; FIFO:FIFO_inst|scfifo:scfifo_component|scfifo_ep11:auto_generated|a_dpfifo_lv11:dpfifo|a_fefifo_u7e:fifo_state|b_full           ; Stuck at VCC                   ; PAYLOAD_COUNTER[31], PAYLOAD_COUNTER[30], PAYLOAD_COUNTER[29], PAYLOAD_COUNTER[28],                                                                     ;
;                                                                                                                                 ; due to stuck port data_in      ; PAYLOAD_COUNTER[27], PAYLOAD_COUNTER[26], PAYLOAD_COUNTER[25], PAYLOAD_COUNTER[24],                                                                     ;
;                                                                                                                                 ;                                ; PAYLOAD_COUNTER[23], PAYLOAD_COUNTER[22], PAYLOAD_COUNTER[21], PAYLOAD_COUNTER[20],                                                                     ;
;                                                                                                                                 ;                                ; PAYLOAD_COUNTER[19], PAYLOAD_COUNTER[18], PAYLOAD_COUNTER[17], PAYLOAD_COUNTER[16],                                                                     ;
;                                                                                                                                 ;                                ; PAYLOAD_COUNTER[15], PAYLOAD_COUNTER[14], PAYLOAD_COUNTER[13], PAYLOAD_COUNTER[12],                                                                     ;
;                                                                                                                                 ;                                ; PAYLOAD_COUNTER[11], PAYLOAD_COUNTER[10], PAYLOAD_COUNTER[9], PAYLOAD_COUNTER[8],                                                                       ;
;                                                                                                                                 ;                                ; PAYLOAD_COUNTER[7], PAYLOAD_COUNTER[6], PAYLOAD_COUNTER[5], PAYLOAD_COUNTER[4],                                                                         ;
;                                                                                                                                 ;                                ; PAYLOAD_COUNTER[3], PAYLOAD_COUNTER[2], PAYLOAD_COUNTER[1], PAYLOAD_COUNTER[0],                                                                         ;
;                                                                                                                                 ;                                ; FIFO:FIFO_inst|scfifo:scfifo_component|scfifo_ep11:auto_generated|a_dpfifo_lv11:dpfifo|a_fefifo_u7e:fifo_state|b_non_empty,                             ;
;                                                                                                                                 ;                                ; FIFO:FIFO_inst|scfifo:scfifo_component|scfifo_ep11:auto_generated|a_dpfifo_lv11:dpfifo|a_fefifo_u7e:fifo_state|cntr_437:count_usedw|counter_reg_bit[2], ;
;                                                                                                                                 ;                                ; FIFO:FIFO_inst|scfifo:scfifo_component|scfifo_ep11:auto_generated|a_dpfifo_lv11:dpfifo|a_fefifo_u7e:fifo_state|cntr_437:count_usedw|counter_reg_bit[1], ;
;                                                                                                                                 ;                                ; FIFO:FIFO_inst|scfifo:scfifo_component|scfifo_ep11:auto_generated|a_dpfifo_lv11:dpfifo|a_fefifo_u7e:fifo_state|cntr_437:count_usedw|counter_reg_bit[0], ;
;                                                                                                                                 ;                                ; PROCESSING_I2C, SPI_PEDING, I2C_PENDING, NEXT_PRIORITY                                                                                                  ;
; FIFO:FIFO_inst|scfifo:scfifo_component|scfifo_ep11:auto_generated|a_dpfifo_lv11:dpfifo|cntr_o2b:rd_ptr_count|counter_reg_bit[6] ; Stuck at GND                   ; data_sig[7], data_sig[6], data_sig[5], data_sig[4], data_sig[3], data_sig[2], data_sig[1],                                                              ;
;                                                                                                                                 ; due to stuck port clock_enable ; data_sig[0],                                                                                                                                            ;
;                                                                                                                                 ;                                ; FIFO:FIFO_inst|scfifo:scfifo_component|scfifo_ep11:auto_generated|a_dpfifo_lv11:dpfifo|cntr_o2b:wr_ptr|counter_reg_bit[1],                              ;
;                                                                                                                                 ;                                ; FIFO:FIFO_inst|scfifo:scfifo_component|scfifo_ep11:auto_generated|a_dpfifo_lv11:dpfifo|cntr_o2b:wr_ptr|counter_reg_bit[0]                               ;
; wrreq_sig                                                                                                                       ; Stuck at GND                   ; FIFO:FIFO_inst|scfifo:scfifo_component|scfifo_ep11:auto_generated|a_dpfifo_lv11:dpfifo|a_fefifo_u7e:fifo_state|cntr_437:count_usedw|counter_reg_bit[6], ;
;                                                                                                                                 ; due to stuck port data_in      ; FIFO:FIFO_inst|scfifo:scfifo_component|scfifo_ep11:auto_generated|a_dpfifo_lv11:dpfifo|a_fefifo_u7e:fifo_state|cntr_437:count_usedw|counter_reg_bit[5], ;
;                                                                                                                                 ;                                ; FIFO:FIFO_inst|scfifo:scfifo_component|scfifo_ep11:auto_generated|a_dpfifo_lv11:dpfifo|a_fefifo_u7e:fifo_state|cntr_437:count_usedw|counter_reg_bit[4], ;
;                                                                                                                                 ;                                ; FIFO:FIFO_inst|scfifo:scfifo_component|scfifo_ep11:auto_generated|a_dpfifo_lv11:dpfifo|a_fefifo_u7e:fifo_state|cntr_437:count_usedw|counter_reg_bit[3]  ;
; STATE.DONE                                                                                                                      ; Stuck at GND                   ; SPI_READY_PULSE, I2C_READY_PULSE, SPI_READY_PREV, I2C_READY_PREV                                                                                        ;
;                                                                                                                                 ; due to stuck port data_in      ;                                                                                                                                                         ;
+---------------------------------------------------------------------------------------------------------------------------------+--------------------------------+---------------------------------------------------------------------------------------------------------------------------------------------------------+


+------------------------------------------------------+
; General Register Statistics                          ;
+----------------------------------------------+-------+
; Statistic                                    ; Value ;
+----------------------------------------------+-------+
; Total registers                              ; 0     ;
; Number of registers using Synchronous Clear  ; 0     ;
; Number of registers using Synchronous Load   ; 0     ;
; Number of registers using Asynchronous Clear ; 0     ;
; Number of registers using Asynchronous Load  ; 0     ;
; Number of registers using Clock Enable       ; 0     ;
; Number of registers using Preset             ; 0     ;
+----------------------------------------------+-------+


+------------------------------------------------------------------------------------------------------------------------------------------+
; Multiplexer Restructuring Statistics (Restructuring Performed)                                                                           ;
+--------------------+-----------+---------------+----------------------+------------------------+------------+----------------------------+
; Multiplexer Inputs ; Bus Width ; Baseline Area ; Area if Restructured ; Saving if Restructured ; Registered ; Example Multiplexer Output ;
+--------------------+-----------+---------------+----------------------+------------------------+------------+----------------------------+
; 8:1                ; 6 bits    ; 30 LEs        ; 12 LEs               ; 18 LEs                 ; No         ; |I2C_SPI_UART|Selector0    ;
+--------------------+-----------+---------------+----------------------+------------------------+------------+----------------------------+


+---------------------------------------------------------------------------------------------------------------------------------------+
; Source assignments for FIFO:FIFO_inst|scfifo:scfifo_component|scfifo_ep11:auto_generated|a_dpfifo_lv11:dpfifo|altsyncram_cvl1:FIFOram ;
+---------------------------------+--------------------+------+-------------------------------------------------------------------------+
; Assignment                      ; Value              ; From ; To                                                                      ;
+---------------------------------+--------------------+------+-------------------------------------------------------------------------+
; OPTIMIZE_POWER_DURING_SYNTHESIS ; NORMAL_COMPILATION ; -    ; -                                                                       ;
+---------------------------------+--------------------+------+-------------------------------------------------------------------------+


+------------------------------------------------------------------------------+
; Parameter Settings for User Entity Instance: Top-level Entity: |I2C_SPI_UART ;
+------------------+-------+---------------------------------------------------+
; Parameter Name   ; Value ; Type                                              ;
+------------------+-------+---------------------------------------------------+
; SPI_BYTES_LENGTH ; 6     ; Signed Integer                                    ;
; I2C_BYTES_LENGTH ; 2     ; Signed Integer                                    ;
+------------------+-------+---------------------------------------------------+
Note: In order to hide this table in the UI and the text report file, please set the "Show Parameter Settings in Synthesis Report" option in "Analysis and Synthesis Settings -> More Settings" to "Off".


+-------------------------------------------------------------------------------------+
; Parameter Settings for User Entity Instance: FIFO:FIFO_inst|scfifo:scfifo_component ;
+-------------------------+-------------+---------------------------------------------+
; Parameter Name          ; Value       ; Type                                        ;
+-------------------------+-------------+---------------------------------------------+
; AUTO_CARRY_CHAINS       ; ON          ; AUTO_CARRY                                  ;
; IGNORE_CARRY_BUFFERS    ; OFF         ; IGNORE_CARRY                                ;
; AUTO_CASCADE_CHAINS     ; ON          ; AUTO_CASCADE                                ;
; IGNORE_CASCADE_BUFFERS  ; OFF         ; IGNORE_CASCADE                              ;
; lpm_width               ; 8           ; Signed Integer                              ;
; LPM_NUMWORDS            ; 128         ; Signed Integer                              ;
; LPM_WIDTHU              ; 7           ; Signed Integer                              ;
; LPM_SHOWAHEAD           ; OFF         ; Untyped                                     ;
; UNDERFLOW_CHECKING      ; ON          ; Untyped                                     ;
; OVERFLOW_CHECKING       ; ON          ; Untyped                                     ;
; ALLOW_RWCYCLE_WHEN_FULL ; OFF         ; Untyped                                     ;
; ADD_RAM_OUTPUT_REGISTER ; OFF         ; Untyped                                     ;
; ALMOST_FULL_VALUE       ; 0           ; Untyped                                     ;
; ALMOST_EMPTY_VALUE      ; 0           ; Untyped                                     ;
; ENABLE_ECC              ; FALSE       ; Untyped                                     ;
; USE_EAB                 ; ON          ; Untyped                                     ;
; MAXIMIZE_SPEED          ; 5           ; Untyped                                     ;
; DEVICE_FAMILY           ; MAX 10      ; Untyped                                     ;
; OPTIMIZE_FOR_SPEED      ; 5           ; Untyped                                     ;
; CBXI_PARAMETER          ; scfifo_ep11 ; Untyped                                     ;
+-------------------------+-------------+---------------------------------------------+
Note: In order to hide this table in the UI and the text report file, please set the "Show Parameter Settings in Synthesis Report" option in "Analysis and Synthesis Settings -> More Settings" to "Off".


+---------------------------------------------------------------------+
; scfifo Parameter Settings by Entity Instance                        ;
+----------------------------+----------------------------------------+
; Name                       ; Value                                  ;
+----------------------------+----------------------------------------+
; Number of entity instances ; 1                                      ;
; Entity Instance            ; FIFO:FIFO_inst|scfifo:scfifo_component ;
;     -- FIFO Type           ; Single Clock                           ;
;     -- lpm_width           ; 8                                      ;
;     -- LPM_NUMWORDS        ; 128                                    ;
;     -- LPM_SHOWAHEAD       ; OFF                                    ;
;     -- USE_EAB             ; ON                                     ;
+----------------------------+----------------------------------------+


+-----------------------------------------------------------------------------------------------------------------+
; Port Connectivity Checks: "FIFO:FIFO_inst"                                                                      ;
+-------+--------+----------+-------------------------------------------------------------------------------------+
; Port  ; Type   ; Severity ; Details                                                                             ;
+-------+--------+----------+-------------------------------------------------------------------------------------+
; rdreq ; Input  ; Info     ; Stuck at GND                                                                        ;
; empty ; Output ; Info     ; Connected to dangling logic. Logic that only feeds a dangling port will be removed. ;
; q     ; Output ; Info     ; Connected to dangling logic. Logic that only feeds a dangling port will be removed. ;
+-------+--------+----------+-------------------------------------------------------------------------------------+


+-----------------------------------------------------+
; Post-Synthesis Netlist Statistics for Top Partition ;
+-----------------------+-----------------------------+
; Type                  ; Count                       ;
+-----------------------+-----------------------------+
; boundary_port         ; 77                          ;
; cycloneiii_lcell_comb ; 1                           ;
;     normal            ; 1                           ;
;         0 data inputs ; 1                           ;
;                       ;                             ;
; Max LUT depth         ; 0.00                        ;
; Average LUT depth     ; 0.00                        ;
+-----------------------+-----------------------------+


+-------------------------------+
; Elapsed Time Per Partition    ;
+----------------+--------------+
; Partition Name ; Elapsed Time ;
+----------------+--------------+
; Top            ; 00:00:00     ;
+----------------+--------------+


+-------------------------------+
; Analysis & Synthesis Messages ;
+-------------------------------+
Info: *******************************************************************
Info: Running Quartus Prime Analysis & Synthesis
    Info: Version 17.1.0 Build 590 10/25/2017 SJ Lite Edition
    Info: Processing started: Thu Feb 26 19:23:09 2026
Info: Command: quartus_map --read_settings_files=on --write_settings_files=off I2C_SPI_UART -c I2C_SPI_UART
Warning (18236): Number of processors has not been specified which may cause overloading on shared machines.  Set the global assignment NUM_PARALLEL_PROCESSORS in your QSF to an appropriate value for best performance.
Info (20030): Parallel compilation is enabled and will use 4 of the 4 processors detected
Info (12021): Found 2 design units, including 1 entities, in source file i2c_spi_uart.vhd
    Info (12022): Found design unit 1: I2C_SPI_UART-COMP File: C:/Users/steel/Documents/FPGA_tasks/FPGA_REPO/FPGA-practices/I2C+SPI+UART/I2C_SPI_UART.vhd Line: 30
    Info (12023): Found entity 1: I2C_SPI_UART File: C:/Users/steel/Documents/FPGA_tasks/FPGA_REPO/FPGA-practices/I2C+SPI+UART/I2C_SPI_UART.vhd Line: 5
Info (12021): Found 2 design units, including 1 entities, in source file fifo.vhd
    Info (12022): Found design unit 1: fifo-SYN File: C:/Users/steel/Documents/FPGA_tasks/FPGA_REPO/FPGA-practices/I2C+SPI+UART/FIFO.vhd Line: 56
    Info (12023): Found entity 1: FIFO File: C:/Users/steel/Documents/FPGA_tasks/FPGA_REPO/FPGA-practices/I2C+SPI+UART/FIFO.vhd Line: 42
Info (12127): Elaborating entity "I2C_SPI_UART" for the top level hierarchy
Warning (10541): VHDL Signal Declaration warning at I2C_SPI_UART.vhd(25): used implicit default value for signal "UART_TX" because signal was never assigned a value or an explicit default value. Use of implicit default value may introduce unintended design optimizations. File: C:/Users/steel/Documents/FPGA_tasks/FPGA_REPO/FPGA-practices/I2C+SPI+UART/I2C_SPI_UART.vhd Line: 25
Warning (10541): VHDL Signal Declaration warning at I2C_SPI_UART.vhd(26): used implicit default value for signal "UART_READY" because signal was never assigned a value or an explicit default value. Use of implicit default value may introduce unintended design optimizations. File: C:/Users/steel/Documents/FPGA_tasks/FPGA_REPO/FPGA-practices/I2C+SPI+UART/I2C_SPI_UART.vhd Line: 26
Warning (10036): Verilog HDL or VHDL warning at I2C_SPI_UART.vhd(51): object "empty_sig" assigned a value but never read File: C:/Users/steel/Documents/FPGA_tasks/FPGA_REPO/FPGA-practices/I2C+SPI+UART/I2C_SPI_UART.vhd Line: 51
Warning (10036): Verilog HDL or VHDL warning at I2C_SPI_UART.vhd(53): object "q_sig" assigned a value but never read File: C:/Users/steel/Documents/FPGA_tasks/FPGA_REPO/FPGA-practices/I2C+SPI+UART/I2C_SPI_UART.vhd Line: 53
Warning (10631): VHDL Process Statement warning at I2C_SPI_UART.vhd(108): inferring latch(es) for signal or variable "rdreq_sig", which holds its previous value in one or more paths through the process File: C:/Users/steel/Documents/FPGA_tasks/FPGA_REPO/FPGA-practices/I2C+SPI+UART/I2C_SPI_UART.vhd Line: 108
Info (10041): Inferred latch for "rdreq_sig" at I2C_SPI_UART.vhd(108) File: C:/Users/steel/Documents/FPGA_tasks/FPGA_REPO/FPGA-practices/I2C+SPI+UART/I2C_SPI_UART.vhd Line: 108
Info (12128): Elaborating entity "FIFO" for hierarchy "FIFO:FIFO_inst" File: C:/Users/steel/Documents/FPGA_tasks/FPGA_REPO/FPGA-practices/I2C+SPI+UART/I2C_SPI_UART.vhd Line: 98
Info (12128): Elaborating entity "scfifo" for hierarchy "FIFO:FIFO_inst|scfifo:scfifo_component" File: C:/Users/steel/Documents/FPGA_tasks/FPGA_REPO/FPGA-practices/I2C+SPI+UART/FIFO.vhd Line: 93
Info (12130): Elaborated megafunction instantiation "FIFO:FIFO_inst|scfifo:scfifo_component" File: C:/Users/steel/Documents/FPGA_tasks/FPGA_REPO/FPGA-practices/I2C+SPI+UART/FIFO.vhd Line: 93
Info (12133): Instantiated megafunction "FIFO:FIFO_inst|scfifo:scfifo_component" with the following parameter: File: C:/Users/steel/Documents/FPGA_tasks/FPGA_REPO/FPGA-practices/I2C+SPI+UART/FIFO.vhd Line: 93
    Info (12134): Parameter "add_ram_output_register" = "OFF"
    Info (12134): Parameter "intended_device_family" = "MAX 10"
    Info (12134): Parameter "lpm_numwords" = "128"
    Info (12134): Parameter "lpm_showahead" = "OFF"
    Info (12134): Parameter "lpm_type" = "scfifo"
    Info (12134): Parameter "lpm_width" = "8"
    Info (12134): Parameter "lpm_widthu" = "7"
    Info (12134): Parameter "overflow_checking" = "ON"
    Info (12134): Parameter "underflow_checking" = "ON"
    Info (12134): Parameter "use_eab" = "ON"
Info (12021): Found 1 design units, including 1 entities, in source file db/scfifo_ep11.tdf
    Info (12023): Found entity 1: scfifo_ep11 File: C:/Users/steel/Documents/FPGA_tasks/FPGA_REPO/FPGA-practices/I2C+SPI+UART/db/scfifo_ep11.tdf Line: 24
Info (12128): Elaborating entity "scfifo_ep11" for hierarchy "FIFO:FIFO_inst|scfifo:scfifo_component|scfifo_ep11:auto_generated" File: c:/intelfpga_lite/17.1/quartus/libraries/megafunctions/scfifo.tdf Line: 299
Info (12021): Found 1 design units, including 1 entities, in source file db/a_dpfifo_lv11.tdf
    Info (12023): Found entity 1: a_dpfifo_lv11 File: C:/Users/steel/Documents/FPGA_tasks/FPGA_REPO/FPGA-practices/I2C+SPI+UART/db/a_dpfifo_lv11.tdf Line: 28
Info (12128): Elaborating entity "a_dpfifo_lv11" for hierarchy "FIFO:FIFO_inst|scfifo:scfifo_component|scfifo_ep11:auto_generated|a_dpfifo_lv11:dpfifo" File: C:/Users/steel/Documents/FPGA_tasks/FPGA_REPO/FPGA-practices/I2C+SPI+UART/db/scfifo_ep11.tdf Line: 35
Info (12021): Found 1 design units, including 1 entities, in source file db/a_fefifo_u7e.tdf
    Info (12023): Found entity 1: a_fefifo_u7e File: C:/Users/steel/Documents/FPGA_tasks/FPGA_REPO/FPGA-practices/I2C+SPI+UART/db/a_fefifo_u7e.tdf Line: 24
Info (12128): Elaborating entity "a_fefifo_u7e" for hierarchy "FIFO:FIFO_inst|scfifo:scfifo_component|scfifo_ep11:auto_generated|a_dpfifo_lv11:dpfifo|a_fefifo_u7e:fifo_state" File: C:/Users/steel/Documents/FPGA_tasks/FPGA_REPO/FPGA-practices/I2C+SPI+UART/db/a_dpfifo_lv11.tdf Line: 40
Info (12021): Found 1 design units, including 1 entities, in source file db/cntr_437.tdf
    Info (12023): Found entity 1: cntr_437 File: C:/Users/steel/Documents/FPGA_tasks/FPGA_REPO/FPGA-practices/I2C+SPI+UART/db/cntr_437.tdf Line: 25
Info (12128): Elaborating entity "cntr_437" for hierarchy "FIFO:FIFO_inst|scfifo:scfifo_component|scfifo_ep11:auto_generated|a_dpfifo_lv11:dpfifo|a_fefifo_u7e:fifo_state|cntr_437:count_usedw" File: C:/Users/steel/Documents/FPGA_tasks/FPGA_REPO/FPGA-practices/I2C+SPI+UART/db/a_fefifo_u7e.tdf Line: 37
Info (12021): Found 1 design units, including 1 entities, in source file db/altsyncram_cvl1.tdf
    Info (12023): Found entity 1: altsyncram_cvl1 File: C:/Users/steel/Documents/FPGA_tasks/FPGA_REPO/FPGA-practices/I2C+SPI+UART/db/altsyncram_cvl1.tdf Line: 27
Info (12128): Elaborating entity "altsyncram_cvl1" for hierarchy "FIFO:FIFO_inst|scfifo:scfifo_component|scfifo_ep11:auto_generated|a_dpfifo_lv11:dpfifo|altsyncram_cvl1:FIFOram" File: C:/Users/steel/Documents/FPGA_tasks/FPGA_REPO/FPGA-practices/I2C+SPI+UART/db/a_dpfifo_lv11.tdf Line: 41
Info (12021): Found 1 design units, including 1 entities, in source file db/cntr_o2b.tdf
    Info (12023): Found entity 1: cntr_o2b File: C:/Users/steel/Documents/FPGA_tasks/FPGA_REPO/FPGA-practices/I2C+SPI+UART/db/cntr_o2b.tdf Line: 25
Info (12128): Elaborating entity "cntr_o2b" for hierarchy "FIFO:FIFO_inst|scfifo:scfifo_component|scfifo_ep11:auto_generated|a_dpfifo_lv11:dpfifo|cntr_o2b:rd_ptr_count" File: C:/Users/steel/Documents/FPGA_tasks/FPGA_REPO/FPGA-practices/I2C+SPI+UART/db/a_dpfifo_lv11.tdf Line: 42
Warning (14284): Synthesized away the following node(s):
    Warning (14285): Synthesized away the following RAM node(s):
        Warning (14320): Synthesized away node "FIFO:FIFO_inst|scfifo:scfifo_component|scfifo_ep11:auto_generated|a_dpfifo_lv11:dpfifo|altsyncram_cvl1:FIFOram|q_b[0]" File: C:/Users/steel/Documents/FPGA_tasks/FPGA_REPO/FPGA-practices/I2C+SPI+UART/db/altsyncram_cvl1.tdf Line: 39
        Warning (14320): Synthesized away node "FIFO:FIFO_inst|scfifo:scfifo_component|scfifo_ep11:auto_generated|a_dpfifo_lv11:dpfifo|altsyncram_cvl1:FIFOram|q_b[1]" File: C:/Users/steel/Documents/FPGA_tasks/FPGA_REPO/FPGA-practices/I2C+SPI+UART/db/altsyncram_cvl1.tdf Line: 69
        Warning (14320): Synthesized away node "FIFO:FIFO_inst|scfifo:scfifo_component|scfifo_ep11:auto_generated|a_dpfifo_lv11:dpfifo|altsyncram_cvl1:FIFOram|q_b[2]" File: C:/Users/steel/Documents/FPGA_tasks/FPGA_REPO/FPGA-practices/I2C+SPI+UART/db/altsyncram_cvl1.tdf Line: 99
        Warning (14320): Synthesized away node "FIFO:FIFO_inst|scfifo:scfifo_component|scfifo_ep11:auto_generated|a_dpfifo_lv11:dpfifo|altsyncram_cvl1:FIFOram|q_b[3]" File: C:/Users/steel/Documents/FPGA_tasks/FPGA_REPO/FPGA-practices/I2C+SPI+UART/db/altsyncram_cvl1.tdf Line: 129
        Warning (14320): Synthesized away node "FIFO:FIFO_inst|scfifo:scfifo_component|scfifo_ep11:auto_generated|a_dpfifo_lv11:dpfifo|altsyncram_cvl1:FIFOram|q_b[4]" File: C:/Users/steel/Documents/FPGA_tasks/FPGA_REPO/FPGA-practices/I2C+SPI+UART/db/altsyncram_cvl1.tdf Line: 159
        Warning (14320): Synthesized away node "FIFO:FIFO_inst|scfifo:scfifo_component|scfifo_ep11:auto_generated|a_dpfifo_lv11:dpfifo|altsyncram_cvl1:FIFOram|q_b[5]" File: C:/Users/steel/Documents/FPGA_tasks/FPGA_REPO/FPGA-practices/I2C+SPI+UART/db/altsyncram_cvl1.tdf Line: 189
        Warning (14320): Synthesized away node "FIFO:FIFO_inst|scfifo:scfifo_component|scfifo_ep11:auto_generated|a_dpfifo_lv11:dpfifo|altsyncram_cvl1:FIFOram|q_b[6]" File: C:/Users/steel/Documents/FPGA_tasks/FPGA_REPO/FPGA-practices/I2C+SPI+UART/db/altsyncram_cvl1.tdf Line: 219
        Warning (14320): Synthesized away node "FIFO:FIFO_inst|scfifo:scfifo_component|scfifo_ep11:auto_generated|a_dpfifo_lv11:dpfifo|altsyncram_cvl1:FIFOram|q_b[7]" File: C:/Users/steel/Documents/FPGA_tasks/FPGA_REPO/FPGA-practices/I2C+SPI+UART/db/altsyncram_cvl1.tdf Line: 249
Warning (13024): Output pins are stuck at VCC or GND
    Warning (13410): Pin "UART_TX[0]" is stuck at GND File: C:/Users/steel/Documents/FPGA_tasks/FPGA_REPO/FPGA-practices/I2C+SPI+UART/I2C_SPI_UART.vhd Line: 25
    Warning (13410): Pin "UART_TX[1]" is stuck at GND File: C:/Users/steel/Documents/FPGA_tasks/FPGA_REPO/FPGA-practices/I2C+SPI+UART/I2C_SPI_UART.vhd Line: 25
    Warning (13410): Pin "UART_TX[2]" is stuck at GND File: C:/Users/steel/Documents/FPGA_tasks/FPGA_REPO/FPGA-practices/I2C+SPI+UART/I2C_SPI_UART.vhd Line: 25
    Warning (13410): Pin "UART_TX[3]" is stuck at GND File: C:/Users/steel/Documents/FPGA_tasks/FPGA_REPO/FPGA-practices/I2C+SPI+UART/I2C_SPI_UART.vhd Line: 25
    Warning (13410): Pin "UART_TX[4]" is stuck at GND File: C:/Users/steel/Documents/FPGA_tasks/FPGA_REPO/FPGA-practices/I2C+SPI+UART/I2C_SPI_UART.vhd Line: 25
    Warning (13410): Pin "UART_TX[5]" is stuck at GND File: C:/Users/steel/Documents/FPGA_tasks/FPGA_REPO/FPGA-practices/I2C+SPI+UART/I2C_SPI_UART.vhd Line: 25
    Warning (13410): Pin "UART_TX[6]" is stuck at GND File: C:/Users/steel/Documents/FPGA_tasks/FPGA_REPO/FPGA-practices/I2C+SPI+UART/I2C_SPI_UART.vhd Line: 25
    Warning (13410): Pin "UART_TX[7]" is stuck at GND File: C:/Users/steel/Documents/FPGA_tasks/FPGA_REPO/FPGA-practices/I2C+SPI+UART/I2C_SPI_UART.vhd Line: 25
    Warning (13410): Pin "UART_READY" is stuck at GND File: C:/Users/steel/Documents/FPGA_tasks/FPGA_REPO/FPGA-practices/I2C+SPI+UART/I2C_SPI_UART.vhd Line: 26
Info (17049): 101 registers lost all their fanouts during netlist optimizations.
Info (16010): Generating hard_block partition "hard_block:auto_generated_inst"
    Info (16011): Adding 0 node(s), including 0 DDIO, 0 PLL, 0 transceiver and 0 LCELL
Warning (21074): Design contains 68 input pin(s) that do not drive logic
    Warning (15610): No output dependent on input pin "SPI_X_OUT[0]" File: C:/Users/steel/Documents/FPGA_tasks/FPGA_REPO/FPGA-practices/I2C+SPI+UART/I2C_SPI_UART.vhd Line: 15
    Warning (15610): No output dependent on input pin "SPI_X_OUT[1]" File: C:/Users/steel/Documents/FPGA_tasks/FPGA_REPO/FPGA-practices/I2C+SPI+UART/I2C_SPI_UART.vhd Line: 15
    Warning (15610): No output dependent on input pin "SPI_X_OUT[2]" File: C:/Users/steel/Documents/FPGA_tasks/FPGA_REPO/FPGA-practices/I2C+SPI+UART/I2C_SPI_UART.vhd Line: 15
    Warning (15610): No output dependent on input pin "SPI_X_OUT[3]" File: C:/Users/steel/Documents/FPGA_tasks/FPGA_REPO/FPGA-practices/I2C+SPI+UART/I2C_SPI_UART.vhd Line: 15
    Warning (15610): No output dependent on input pin "SPI_X_OUT[4]" File: C:/Users/steel/Documents/FPGA_tasks/FPGA_REPO/FPGA-practices/I2C+SPI+UART/I2C_SPI_UART.vhd Line: 15
    Warning (15610): No output dependent on input pin "SPI_X_OUT[5]" File: C:/Users/steel/Documents/FPGA_tasks/FPGA_REPO/FPGA-practices/I2C+SPI+UART/I2C_SPI_UART.vhd Line: 15
    Warning (15610): No output dependent on input pin "SPI_X_OUT[6]" File: C:/Users/steel/Documents/FPGA_tasks/FPGA_REPO/FPGA-practices/I2C+SPI+UART/I2C_SPI_UART.vhd Line: 15
    Warning (15610): No output dependent on input pin "SPI_X_OUT[7]" File: C:/Users/steel/Documents/FPGA_tasks/FPGA_REPO/FPGA-practices/I2C+SPI+UART/I2C_SPI_UART.vhd Line: 15
    Warning (15610): No output dependent on input pin "SPI_X_OUT[8]" File: C:/Users/steel/Documents/FPGA_tasks/FPGA_REPO/FPGA-practices/I2C+SPI+UART/I2C_SPI_UART.vhd Line: 15
    Warning (15610): No output dependent on input pin "SPI_X_OUT[9]" File: C:/Users/steel/Documents/FPGA_tasks/FPGA_REPO/FPGA-practices/I2C+SPI+UART/I2C_SPI_UART.vhd Line: 15
    Warning (15610): No output dependent on input pin "SPI_X_OUT[10]" File: C:/Users/steel/Documents/FPGA_tasks/FPGA_REPO/FPGA-practices/I2C+SPI+UART/I2C_SPI_UART.vhd Line: 15
    Warning (15610): No output dependent on input pin "SPI_X_OUT[11]" File: C:/Users/steel/Documents/FPGA_tasks/FPGA_REPO/FPGA-practices/I2C+SPI+UART/I2C_SPI_UART.vhd Line: 15
    Warning (15610): No output dependent on input pin "SPI_X_OUT[12]" File: C:/Users/steel/Documents/FPGA_tasks/FPGA_REPO/FPGA-practices/I2C+SPI+UART/I2C_SPI_UART.vhd Line: 15
    Warning (15610): No output dependent on input pin "SPI_X_OUT[13]" File: C:/Users/steel/Documents/FPGA_tasks/FPGA_REPO/FPGA-practices/I2C+SPI+UART/I2C_SPI_UART.vhd Line: 15
    Warning (15610): No output dependent on input pin "SPI_X_OUT[14]" File: C:/Users/steel/Documents/FPGA_tasks/FPGA_REPO/FPGA-practices/I2C+SPI+UART/I2C_SPI_UART.vhd Line: 15
    Warning (15610): No output dependent on input pin "SPI_X_OUT[15]" File: C:/Users/steel/Documents/FPGA_tasks/FPGA_REPO/FPGA-practices/I2C+SPI+UART/I2C_SPI_UART.vhd Line: 15
    Warning (15610): No output dependent on input pin "SPI_Y_OUT[0]" File: C:/Users/steel/Documents/FPGA_tasks/FPGA_REPO/FPGA-practices/I2C+SPI+UART/I2C_SPI_UART.vhd Line: 16
    Warning (15610): No output dependent on input pin "SPI_Y_OUT[1]" File: C:/Users/steel/Documents/FPGA_tasks/FPGA_REPO/FPGA-practices/I2C+SPI+UART/I2C_SPI_UART.vhd Line: 16
    Warning (15610): No output dependent on input pin "SPI_Y_OUT[2]" File: C:/Users/steel/Documents/FPGA_tasks/FPGA_REPO/FPGA-practices/I2C+SPI+UART/I2C_SPI_UART.vhd Line: 16
    Warning (15610): No output dependent on input pin "SPI_Y_OUT[3]" File: C:/Users/steel/Documents/FPGA_tasks/FPGA_REPO/FPGA-practices/I2C+SPI+UART/I2C_SPI_UART.vhd Line: 16
    Warning (15610): No output dependent on input pin "SPI_Y_OUT[4]" File: C:/Users/steel/Documents/FPGA_tasks/FPGA_REPO/FPGA-practices/I2C+SPI+UART/I2C_SPI_UART.vhd Line: 16
    Warning (15610): No output dependent on input pin "SPI_Y_OUT[5]" File: C:/Users/steel/Documents/FPGA_tasks/FPGA_REPO/FPGA-practices/I2C+SPI+UART/I2C_SPI_UART.vhd Line: 16
    Warning (15610): No output dependent on input pin "SPI_Y_OUT[6]" File: C:/Users/steel/Documents/FPGA_tasks/FPGA_REPO/FPGA-practices/I2C+SPI+UART/I2C_SPI_UART.vhd Line: 16
    Warning (15610): No output dependent on input pin "SPI_Y_OUT[7]" File: C:/Users/steel/Documents/FPGA_tasks/FPGA_REPO/FPGA-practices/I2C+SPI+UART/I2C_SPI_UART.vhd Line: 16
    Warning (15610): No output dependent on input pin "SPI_Y_OUT[8]" File: C:/Users/steel/Documents/FPGA_tasks/FPGA_REPO/FPGA-practices/I2C+SPI+UART/I2C_SPI_UART.vhd Line: 16
    Warning (15610): No output dependent on input pin "SPI_Y_OUT[9]" File: C:/Users/steel/Documents/FPGA_tasks/FPGA_REPO/FPGA-practices/I2C+SPI+UART/I2C_SPI_UART.vhd Line: 16
    Warning (15610): No output dependent on input pin "SPI_Y_OUT[10]" File: C:/Users/steel/Documents/FPGA_tasks/FPGA_REPO/FPGA-practices/I2C+SPI+UART/I2C_SPI_UART.vhd Line: 16
    Warning (15610): No output dependent on input pin "SPI_Y_OUT[11]" File: C:/Users/steel/Documents/FPGA_tasks/FPGA_REPO/FPGA-practices/I2C+SPI+UART/I2C_SPI_UART.vhd Line: 16
    Warning (15610): No output dependent on input pin "SPI_Y_OUT[12]" File: C:/Users/steel/Documents/FPGA_tasks/FPGA_REPO/FPGA-practices/I2C+SPI+UART/I2C_SPI_UART.vhd Line: 16
    Warning (15610): No output dependent on input pin "SPI_Y_OUT[13]" File: C:/Users/steel/Documents/FPGA_tasks/FPGA_REPO/FPGA-practices/I2C+SPI+UART/I2C_SPI_UART.vhd Line: 16
    Warning (15610): No output dependent on input pin "SPI_Y_OUT[14]" File: C:/Users/steel/Documents/FPGA_tasks/FPGA_REPO/FPGA-practices/I2C+SPI+UART/I2C_SPI_UART.vhd Line: 16
    Warning (15610): No output dependent on input pin "SPI_Y_OUT[15]" File: C:/Users/steel/Documents/FPGA_tasks/FPGA_REPO/FPGA-practices/I2C+SPI+UART/I2C_SPI_UART.vhd Line: 16
    Warning (15610): No output dependent on input pin "SPI_Z_OUT[0]" File: C:/Users/steel/Documents/FPGA_tasks/FPGA_REPO/FPGA-practices/I2C+SPI+UART/I2C_SPI_UART.vhd Line: 17
    Warning (15610): No output dependent on input pin "SPI_Z_OUT[1]" File: C:/Users/steel/Documents/FPGA_tasks/FPGA_REPO/FPGA-practices/I2C+SPI+UART/I2C_SPI_UART.vhd Line: 17
    Warning (15610): No output dependent on input pin "SPI_Z_OUT[2]" File: C:/Users/steel/Documents/FPGA_tasks/FPGA_REPO/FPGA-practices/I2C+SPI+UART/I2C_SPI_UART.vhd Line: 17
    Warning (15610): No output dependent on input pin "SPI_Z_OUT[3]" File: C:/Users/steel/Documents/FPGA_tasks/FPGA_REPO/FPGA-practices/I2C+SPI+UART/I2C_SPI_UART.vhd Line: 17
    Warning (15610): No output dependent on input pin "SPI_Z_OUT[4]" File: C:/Users/steel/Documents/FPGA_tasks/FPGA_REPO/FPGA-practices/I2C+SPI+UART/I2C_SPI_UART.vhd Line: 17
    Warning (15610): No output dependent on input pin "SPI_Z_OUT[5]" File: C:/Users/steel/Documents/FPGA_tasks/FPGA_REPO/FPGA-practices/I2C+SPI+UART/I2C_SPI_UART.vhd Line: 17
    Warning (15610): No output dependent on input pin "SPI_Z_OUT[6]" File: C:/Users/steel/Documents/FPGA_tasks/FPGA_REPO/FPGA-practices/I2C+SPI+UART/I2C_SPI_UART.vhd Line: 17
    Warning (15610): No output dependent on input pin "SPI_Z_OUT[7]" File: C:/Users/steel/Documents/FPGA_tasks/FPGA_REPO/FPGA-practices/I2C+SPI+UART/I2C_SPI_UART.vhd Line: 17
    Warning (15610): No output dependent on input pin "SPI_Z_OUT[8]" File: C:/Users/steel/Documents/FPGA_tasks/FPGA_REPO/FPGA-practices/I2C+SPI+UART/I2C_SPI_UART.vhd Line: 17
    Warning (15610): No output dependent on input pin "SPI_Z_OUT[9]" File: C:/Users/steel/Documents/FPGA_tasks/FPGA_REPO/FPGA-practices/I2C+SPI+UART/I2C_SPI_UART.vhd Line: 17
    Warning (15610): No output dependent on input pin "SPI_Z_OUT[10]" File: C:/Users/steel/Documents/FPGA_tasks/FPGA_REPO/FPGA-practices/I2C+SPI+UART/I2C_SPI_UART.vhd Line: 17
    Warning (15610): No output dependent on input pin "SPI_Z_OUT[11]" File: C:/Users/steel/Documents/FPGA_tasks/FPGA_REPO/FPGA-practices/I2C+SPI+UART/I2C_SPI_UART.vhd Line: 17
    Warning (15610): No output dependent on input pin "SPI_Z_OUT[12]" File: C:/Users/steel/Documents/FPGA_tasks/FPGA_REPO/FPGA-practices/I2C+SPI+UART/I2C_SPI_UART.vhd Line: 17
    Warning (15610): No output dependent on input pin "SPI_Z_OUT[13]" File: C:/Users/steel/Documents/FPGA_tasks/FPGA_REPO/FPGA-practices/I2C+SPI+UART/I2C_SPI_UART.vhd Line: 17
    Warning (15610): No output dependent on input pin "SPI_Z_OUT[14]" File: C:/Users/steel/Documents/FPGA_tasks/FPGA_REPO/FPGA-practices/I2C+SPI+UART/I2C_SPI_UART.vhd Line: 17
    Warning (15610): No output dependent on input pin "SPI_Z_OUT[15]" File: C:/Users/steel/Documents/FPGA_tasks/FPGA_REPO/FPGA-practices/I2C+SPI+UART/I2C_SPI_UART.vhd Line: 17
    Warning (15610): No output dependent on input pin "I2C_DATA_OUT[0]" File: C:/Users/steel/Documents/FPGA_tasks/FPGA_REPO/FPGA-practices/I2C+SPI+UART/I2C_SPI_UART.vhd Line: 22
    Warning (15610): No output dependent on input pin "I2C_DATA_OUT[1]" File: C:/Users/steel/Documents/FPGA_tasks/FPGA_REPO/FPGA-practices/I2C+SPI+UART/I2C_SPI_UART.vhd Line: 22
    Warning (15610): No output dependent on input pin "I2C_DATA_OUT[2]" File: C:/Users/steel/Documents/FPGA_tasks/FPGA_REPO/FPGA-practices/I2C+SPI+UART/I2C_SPI_UART.vhd Line: 22
    Warning (15610): No output dependent on input pin "I2C_DATA_OUT[3]" File: C:/Users/steel/Documents/FPGA_tasks/FPGA_REPO/FPGA-practices/I2C+SPI+UART/I2C_SPI_UART.vhd Line: 22
    Warning (15610): No output dependent on input pin "I2C_DATA_OUT[4]" File: C:/Users/steel/Documents/FPGA_tasks/FPGA_REPO/FPGA-practices/I2C+SPI+UART/I2C_SPI_UART.vhd Line: 22
    Warning (15610): No output dependent on input pin "I2C_DATA_OUT[5]" File: C:/Users/steel/Documents/FPGA_tasks/FPGA_REPO/FPGA-practices/I2C+SPI+UART/I2C_SPI_UART.vhd Line: 22
    Warning (15610): No output dependent on input pin "I2C_DATA_OUT[6]" File: C:/Users/steel/Documents/FPGA_tasks/FPGA_REPO/FPGA-practices/I2C+SPI+UART/I2C_SPI_UART.vhd Line: 22
    Warning (15610): No output dependent on input pin "I2C_DATA_OUT[7]" File: C:/Users/steel/Documents/FPGA_tasks/FPGA_REPO/FPGA-practices/I2C+SPI+UART/I2C_SPI_UART.vhd Line: 22
    Warning (15610): No output dependent on input pin "I2C_DATA_OUT[8]" File: C:/Users/steel/Documents/FPGA_tasks/FPGA_REPO/FPGA-practices/I2C+SPI+UART/I2C_SPI_UART.vhd Line: 22
    Warning (15610): No output dependent on input pin "I2C_DATA_OUT[9]" File: C:/Users/steel/Documents/FPGA_tasks/FPGA_REPO/FPGA-practices/I2C+SPI+UART/I2C_SPI_UART.vhd Line: 22
    Warning (15610): No output dependent on input pin "I2C_DATA_OUT[10]" File: C:/Users/steel/Documents/FPGA_tasks/FPGA_REPO/FPGA-practices/I2C+SPI+UART/I2C_SPI_UART.vhd Line: 22
    Warning (15610): No output dependent on input pin "I2C_DATA_OUT[11]" File: C:/Users/steel/Documents/FPGA_tasks/FPGA_REPO/FPGA-practices/I2C+SPI+UART/I2C_SPI_UART.vhd Line: 22
    Warning (15610): No output dependent on input pin "I2C_DATA_OUT[12]" File: C:/Users/steel/Documents/FPGA_tasks/FPGA_REPO/FPGA-practices/I2C+SPI+UART/I2C_SPI_UART.vhd Line: 22
    Warning (15610): No output dependent on input pin "I2C_DATA_OUT[13]" File: C:/Users/steel/Documents/FPGA_tasks/FPGA_REPO/FPGA-practices/I2C+SPI+UART/I2C_SPI_UART.vhd Line: 22
    Warning (15610): No output dependent on input pin "I2C_DATA_OUT[14]" File: C:/Users/steel/Documents/FPGA_tasks/FPGA_REPO/FPGA-practices/I2C+SPI+UART/I2C_SPI_UART.vhd Line: 22
    Warning (15610): No output dependent on input pin "I2C_DATA_OUT[15]" File: C:/Users/steel/Documents/FPGA_tasks/FPGA_REPO/FPGA-practices/I2C+SPI+UART/I2C_SPI_UART.vhd Line: 22
    Warning (15610): No output dependent on input pin "CLK" File: C:/Users/steel/Documents/FPGA_tasks/FPGA_REPO/FPGA-practices/I2C+SPI+UART/I2C_SPI_UART.vhd Line: 11
    Warning (15610): No output dependent on input pin "RESET" File: C:/Users/steel/Documents/FPGA_tasks/FPGA_REPO/FPGA-practices/I2C+SPI+UART/I2C_SPI_UART.vhd Line: 12
    Warning (15610): No output dependent on input pin "SPI_READY" File: C:/Users/steel/Documents/FPGA_tasks/FPGA_REPO/FPGA-practices/I2C+SPI+UART/I2C_SPI_UART.vhd Line: 18
    Warning (15610): No output dependent on input pin "I2C_READY" File: C:/Users/steel/Documents/FPGA_tasks/FPGA_REPO/FPGA-practices/I2C+SPI+UART/I2C_SPI_UART.vhd Line: 21
Info (21057): Implemented 77 device resources after synthesis - the final resource count might be different
    Info (21058): Implemented 68 input pins
    Info (21059): Implemented 9 output pins
Info: Quartus Prime Analysis & Synthesis was successful. 0 errors, 95 warnings
    Info: Peak virtual memory: 4807 megabytes
    Info: Processing ended: Thu Feb 26 19:23:39 2026
    Info: Elapsed time: 00:00:30
    Info: Total CPU time (on all processors): 00:00:26


