Analysis & Synthesis report for HC_SR04
Sat Jan 03 08:29:36 2026
Quartus Prime Version 17.1.0 Build 590 10/25/2017 SJ Lite Edition


---------------------
; Table of Contents ;
---------------------
  1. Legal Notice
  2. Analysis & Synthesis Summary
  3. Analysis & Synthesis Settings
  4. Parallel Compilation
  5. Analysis & Synthesis Source Files Read
  6. Analysis & Synthesis Resource Usage Summary
  7. Analysis & Synthesis Resource Utilization by Entity
  8. Analysis & Synthesis DSP Block Usage Summary
  9. State Machine - |HC_SR04|MS_HCSR04:myMS_HCSR04|estado_siguiente
 10. State Machine - |HC_SR04|MS_HCSR04:myMS_HCSR04|estado_actual
 11. Registers Removed During Synthesis
 12. General Register Statistics
 13. Multiplexer Restructuring Statistics (Restructuring Performed)
 14. Parameter Settings for Inferred Entity Instance: MS_HCSR04:myMS_HCSR04|Distance:myDistance|lpm_mult:Mult0
 15. lpm_mult Parameter Settings by Entity Instance
 16. Post-Synthesis Netlist Statistics for Top Partition
 17. Elapsed Time Per Partition
 18. Analysis & Synthesis Messages



----------------
; Legal Notice ;
----------------
Copyright (C) 2017  Intel Corporation. All rights reserved.
Your use of Intel Corporation's design tools, logic functions 
and other software and tools, and its AMPP partner logic 
functions, and any output files from any of the foregoing 
(including device programming or simulation files), and any 
associated documentation or information are expressly subject 
to the terms and conditions of the Intel Program License 
Subscription Agreement, the Intel Quartus Prime License Agreement,
the Intel FPGA IP License Agreement, or other applicable license
agreement, including, without limitation, that your use is for
the sole purpose of programming logic devices manufactured by
Intel and sold by Intel or its authorized distributors.  Please
refer to the applicable agreement for further details.



+----------------------------------------------------------------------------------+
; Analysis & Synthesis Summary                                                     ;
+------------------------------------+---------------------------------------------+
; Analysis & Synthesis Status        ; Successful - Sat Jan 03 08:29:36 2026       ;
; Quartus Prime Version              ; 17.1.0 Build 590 10/25/2017 SJ Lite Edition ;
; Revision Name                      ; HC_SR04                                     ;
; Top-level Entity Name              ; HC_SR04                                     ;
; Family                             ; MAX 10                                      ;
; Total logic elements               ; 301                                         ;
;     Total combinational functions  ; 250                                         ;
;     Dedicated logic registers      ; 149                                         ;
; Total registers                    ; 149                                         ;
; Total pins                         ; 15                                          ;
; Total virtual pins                 ; 0                                           ;
; Total memory bits                  ; 0                                           ;
; Embedded Multiplier 9-bit elements ; 4                                           ;
; Total PLLs                         ; 0                                           ;
; UFM blocks                         ; 0                                           ;
; ADC blocks                         ; 0                                           ;
+------------------------------------+---------------------------------------------+


+----------------------------------------------------------------------------------------------------------------------+
; Analysis & Synthesis Settings                                                                                        ;
+----------------------------------------------------------------------------+--------------------+--------------------+
; Option                                                                     ; Setting            ; Default Value      ;
+----------------------------------------------------------------------------+--------------------+--------------------+
; Device                                                                     ; 10M08SCE144C8G     ;                    ;
; Top-level entity name                                                      ; HC_SR04            ; HC_SR04            ;
; Family name                                                                ; MAX 10             ; Cyclone V          ;
; Use smart compilation                                                      ; Off                ; Off                ;
; Enable parallel Assembler and TimeQuest Timing Analyzer during compilation ; On                 ; On                 ;
; Enable compact report table                                                ; Off                ; Off                ;
; Restructure Multiplexers                                                   ; Auto               ; Auto               ;
; Create Debugging Nodes for IP Cores                                        ; Off                ; Off                ;
; Preserve fewer node names                                                  ; On                 ; On                 ;
; Intel FPGA IP Evaluation Mode                                              ; Enable             ; Enable             ;
; Verilog Version                                                            ; Verilog_2001       ; Verilog_2001       ;
; VHDL Version                                                               ; VHDL_1993          ; VHDL_1993          ;
; State Machine Processing                                                   ; Auto               ; Auto               ;
; Safe State Machine                                                         ; Off                ; Off                ;
; Extract Verilog State Machines                                             ; On                 ; On                 ;
; Extract VHDL State Machines                                                ; On                 ; On                 ;
; Ignore Verilog initial constructs                                          ; Off                ; Off                ;
; Iteration limit for constant Verilog loops                                 ; 5000               ; 5000               ;
; Iteration limit for non-constant Verilog loops                             ; 250                ; 250                ;
; Add Pass-Through Logic to Inferred RAMs                                    ; On                 ; On                 ;
; Infer RAMs from Raw Logic                                                  ; On                 ; On                 ;
; Parallel Synthesis                                                         ; On                 ; On                 ;
; DSP Block Balancing                                                        ; Auto               ; Auto               ;
; NOT Gate Push-Back                                                         ; On                 ; On                 ;
; Power-Up Don't Care                                                        ; On                 ; On                 ;
; Remove Redundant Logic Cells                                               ; Off                ; Off                ;
; Remove Duplicate Registers                                                 ; On                 ; On                 ;
; Ignore CARRY Buffers                                                       ; Off                ; Off                ;
; Ignore CASCADE Buffers                                                     ; Off                ; Off                ;
; Ignore GLOBAL Buffers                                                      ; Off                ; Off                ;
; Ignore ROW GLOBAL Buffers                                                  ; Off                ; Off                ;
; Ignore LCELL Buffers                                                       ; Off                ; Off                ;
; Ignore SOFT Buffers                                                        ; On                 ; On                 ;
; Limit AHDL Integers to 32 Bits                                             ; Off                ; Off                ;
; Optimization Technique                                                     ; Balanced           ; Balanced           ;
; Carry Chain Length                                                         ; 70                 ; 70                 ;
; Auto Carry Chains                                                          ; On                 ; On                 ;
; Auto Open-Drain Pins                                                       ; On                 ; On                 ;
; Perform WYSIWYG Primitive Resynthesis                                      ; Off                ; Off                ;
; Auto ROM Replacement                                                       ; On                 ; On                 ;
; Auto RAM Replacement                                                       ; On                 ; On                 ;
; Auto DSP Block Replacement                                                 ; On                 ; On                 ;
; Auto Shift Register Replacement                                            ; Auto               ; Auto               ;
; Allow Shift Register Merging across Hierarchies                            ; Auto               ; Auto               ;
; Auto Clock Enable Replacement                                              ; On                 ; On                 ;
; Strict RAM Replacement                                                     ; Off                ; Off                ;
; Allow Synchronous Control Signals                                          ; On                 ; On                 ;
; Force Use of Synchronous Clear Signals                                     ; Off                ; Off                ;
; Auto RAM Block Balancing                                                   ; On                 ; On                 ;
; Auto RAM to Logic Cell Conversion                                          ; Off                ; Off                ;
; Auto Resource Sharing                                                      ; Off                ; Off                ;
; Allow Any RAM Size For Recognition                                         ; Off                ; Off                ;
; Allow Any ROM Size For Recognition                                         ; Off                ; Off                ;
; Allow Any Shift Register Size For Recognition                              ; Off                ; Off                ;
; Use LogicLock Constraints during Resource Balancing                        ; On                 ; On                 ;
; Ignore translate_off and synthesis_off directives                          ; Off                ; Off                ;
; Timing-Driven Synthesis                                                    ; On                 ; On                 ;
; Report Parameter Settings                                                  ; On                 ; On                 ;
; Report Source Assignments                                                  ; On                 ; On                 ;
; Report Connectivity Checks                                                 ; On                 ; On                 ;
; Ignore Maximum Fan-Out Assignments                                         ; Off                ; Off                ;
; Synchronization Register Chain Length                                      ; 2                  ; 2                  ;
; Power Optimization During Synthesis                                        ; Normal compilation ; Normal compilation ;
; HDL message level                                                          ; Level2             ; Level2             ;
; Suppress Register Optimization Related Messages                            ; Off                ; Off                ;
; Number of Removed Registers Reported in Synthesis Report                   ; 5000               ; 5000               ;
; Number of Swept Nodes Reported in Synthesis Report                         ; 5000               ; 5000               ;
; Number of Inverted Registers Reported in Synthesis Report                  ; 100                ; 100                ;
; Clock MUX Protection                                                       ; On                 ; On                 ;
; Auto Gated Clock Conversion                                                ; Off                ; Off                ;
; Block Design Naming                                                        ; Auto               ; Auto               ;
; SDC constraint protection                                                  ; Off                ; Off                ;
; Synthesis Effort                                                           ; Auto               ; Auto               ;
; Shift Register Replacement - Allow Asynchronous Clear Signal               ; On                 ; On                 ;
; Pre-Mapping Resynthesis Optimization                                       ; Off                ; Off                ;
; Analysis & Synthesis Message Level                                         ; Medium             ; Medium             ;
; Disable Register Merging Across Hierarchies                                ; Auto               ; Auto               ;
; Resource Aware Inference For Block RAM                                     ; On                 ; On                 ;
+----------------------------------------------------------------------------+--------------------+--------------------+


+------------------------------------------+
; Parallel Compilation                     ;
+----------------------------+-------------+
; Processors                 ; Number      ;
+----------------------------+-------------+
; Number detected on machine ; 8           ;
; Maximum allowed            ; 4           ;
;                            ;             ;
; Average used               ; 1.00        ;
; Maximum used               ; 4           ;
;                            ;             ;
; Usage by Processor         ; % Time Used ;
;     Processor 1            ; 100.0%      ;
;     Processors 2-4         ;   0.0%      ;
+----------------------------+-------------+


+------------------------------------------------------------------------------------------------------------------------------------------------------------------------------------+
; Analysis & Synthesis Source Files Read                                                                                                                                             ;
+----------------------------------+-----------------+------------------------------+--------------------------------------------------------------------------------------+---------+
; File Name with User-Entered Path ; Used in Netlist ; File Type                    ; File Name with Absolute Path                                                         ; Library ;
+----------------------------------+-----------------+------------------------------+--------------------------------------------------------------------------------------+---------+
; HC_SR04.vhd                      ; yes             ; User VHDL File               ; C:/Users/steel/Documents/FPGA_tasks/FPGA_REPO/FPGA-practices/HC_SR04/HC_SR04.vhd     ;         ;
; Trig.vhd                         ; yes             ; User VHDL File               ; C:/Users/steel/Documents/FPGA_tasks/FPGA_REPO/FPGA-practices/HC_SR04/Trig.vhd        ;         ;
; Echo.vhd                         ; yes             ; User VHDL File               ; C:/Users/steel/Documents/FPGA_tasks/FPGA_REPO/FPGA-practices/HC_SR04/Echo.vhd        ;         ;
; Distance.vhd                     ; yes             ; User VHDL File               ; C:/Users/steel/Documents/FPGA_tasks/FPGA_REPO/FPGA-practices/HC_SR04/Distance.vhd    ;         ;
; bin2bcd.vhd                      ; yes             ; User VHDL File               ; C:/Users/steel/Documents/FPGA_tasks/FPGA_REPO/FPGA-practices/HC_SR04/bin2bcd.vhd     ;         ;
; FREQ_DIV.vhd                     ; yes             ; User VHDL File               ; C:/Users/steel/Documents/FPGA_tasks/FPGA_REPO/FPGA-practices/HC_SR04/FREQ_DIV.vhd    ;         ;
; DIG_SEL.vhd                      ; yes             ; User VHDL File               ; C:/Users/steel/Documents/FPGA_tasks/FPGA_REPO/FPGA-practices/HC_SR04/DIG_SEL.vhd     ;         ;
; DISP.vhd                         ; yes             ; User VHDL File               ; C:/Users/steel/Documents/FPGA_tasks/FPGA_REPO/FPGA-practices/HC_SR04/DISP.vhd        ;         ;
; SEG7.vhd                         ; yes             ; User VHDL File               ; C:/Users/steel/Documents/FPGA_tasks/FPGA_REPO/FPGA-practices/HC_SR04/SEG7.vhd        ;         ;
; MS_HCSR04.vhd                    ; yes             ; User VHDL File               ; C:/Users/steel/Documents/FPGA_tasks/FPGA_REPO/FPGA-practices/HC_SR04/MS_HCSR04.vhd   ;         ;
; lpm_mult.tdf                     ; yes             ; Megafunction                 ; c:/intelfpga_lite/17.1/quartus/libraries/megafunctions/lpm_mult.tdf                  ;         ;
; aglobal171.inc                   ; yes             ; Megafunction                 ; c:/intelfpga_lite/17.1/quartus/libraries/megafunctions/aglobal171.inc                ;         ;
; lpm_add_sub.inc                  ; yes             ; Megafunction                 ; c:/intelfpga_lite/17.1/quartus/libraries/megafunctions/lpm_add_sub.inc               ;         ;
; multcore.inc                     ; yes             ; Megafunction                 ; c:/intelfpga_lite/17.1/quartus/libraries/megafunctions/multcore.inc                  ;         ;
; bypassff.inc                     ; yes             ; Megafunction                 ; c:/intelfpga_lite/17.1/quartus/libraries/megafunctions/bypassff.inc                  ;         ;
; altshift.inc                     ; yes             ; Megafunction                 ; c:/intelfpga_lite/17.1/quartus/libraries/megafunctions/altshift.inc                  ;         ;
; db/mult_7rs.tdf                  ; yes             ; Auto-Generated Megafunction  ; C:/Users/steel/Documents/FPGA_tasks/FPGA_REPO/FPGA-practices/HC_SR04/db/mult_7rs.tdf ;         ;
+----------------------------------+-----------------+------------------------------+--------------------------------------------------------------------------------------+---------+


+---------------------------------------------------------+
; Analysis & Synthesis Resource Usage Summary             ;
+---------------------------------------------+-----------+
; Resource                                    ; Usage     ;
+---------------------------------------------+-----------+
; Estimated Total logic elements              ; 301       ;
;                                             ;           ;
; Total combinational functions               ; 250       ;
; Logic element usage by number of LUT inputs ;           ;
;     -- 4 input functions                    ; 117       ;
;     -- 3 input functions                    ; 35        ;
;     -- <=2 input functions                  ; 98        ;
;                                             ;           ;
; Logic elements by mode                      ;           ;
;     -- normal mode                          ; 172       ;
;     -- arithmetic mode                      ; 78        ;
;                                             ;           ;
; Total registers                             ; 149       ;
;     -- Dedicated logic registers            ; 149       ;
;     -- I/O registers                        ; 0         ;
;                                             ;           ;
; I/O pins                                    ; 15        ;
;                                             ;           ;
; Embedded Multiplier 9-bit elements          ; 4         ;
;                                             ;           ;
; Maximum fan-out node                        ; clk~input ;
; Maximum fan-out                             ; 147       ;
; Total fan-out                               ; 1312      ;
; Average fan-out                             ; 3.03      ;
+---------------------------------------------+-----------+


+---------------------------------------------------------------------------------------------------------------------------------------------------------------------------------------------------------------------------------------------------------------------------------------------------------------------+
; Analysis & Synthesis Resource Utilization by Entity                                                                                                                                                                                                                                                                 ;
+---------------------------------------+---------------------+---------------------------+-------------+------------+--------------+---------+-----------+------+--------------+------------+-------------------------------------------------------------------------------------------+-------------+--------------+
; Compilation Hierarchy Node            ; Combinational ALUTs ; Dedicated Logic Registers ; Memory Bits ; UFM Blocks ; DSP Elements ; DSP 9x9 ; DSP 18x18 ; Pins ; Virtual Pins ; ADC blocks ; Full Hierarchy Name                                                                       ; Entity Name ; Library Name ;
+---------------------------------------+---------------------+---------------------------+-------------+------------+--------------+---------+-----------+------+--------------+------------+-------------------------------------------------------------------------------------------+-------------+--------------+
; |HC_SR04                              ; 250 (0)             ; 149 (0)                   ; 0           ; 0          ; 4            ; 0       ; 2         ; 15   ; 0            ; 0          ; |HC_SR04                                                                                  ; HC_SR04     ; work         ;
;    |MS_HCSR04:myMS_HCSR04|            ; 102 (60)            ; 129 (70)                  ; 0           ; 0          ; 4            ; 0       ; 2         ; 0    ; 0            ; 0          ; |HC_SR04|MS_HCSR04:myMS_HCSR04                                                            ; MS_HCSR04   ; work         ;
;       |Distance:myDistance|           ; 0 (0)               ; 0 (0)                     ; 0           ; 0          ; 4            ; 0       ; 2         ; 0    ; 0            ; 0          ; |HC_SR04|MS_HCSR04:myMS_HCSR04|Distance:myDistance                                        ; Distance    ; work         ;
;          |lpm_mult:Mult0|             ; 0 (0)               ; 0 (0)                     ; 0           ; 0          ; 4            ; 0       ; 2         ; 0    ; 0            ; 0          ; |HC_SR04|MS_HCSR04:myMS_HCSR04|Distance:myDistance|lpm_mult:Mult0                         ; lpm_mult    ; work         ;
;             |mult_7rs:auto_generated| ; 0 (0)               ; 0 (0)                     ; 0           ; 0          ; 4            ; 0       ; 2         ; 0    ; 0            ; 0          ; |HC_SR04|MS_HCSR04:myMS_HCSR04|Distance:myDistance|lpm_mult:Mult0|mult_7rs:auto_generated ; mult_7rs    ; work         ;
;       |Echo:myEcho|                   ; 26 (26)             ; 47 (47)                   ; 0           ; 0          ; 0            ; 0       ; 0         ; 0    ; 0            ; 0          ; |HC_SR04|MS_HCSR04:myMS_HCSR04|Echo:myEcho                                                ; Echo        ; work         ;
;       |Trig:myTrig|                   ; 16 (16)             ; 12 (12)                   ; 0           ; 0          ; 0            ; 0       ; 0         ; 0    ; 0            ; 0          ; |HC_SR04|MS_HCSR04:myMS_HCSR04|Trig:myTrig                                                ; Trig        ; work         ;
;    |SEG7:mySEG7|                      ; 148 (0)             ; 20 (0)                    ; 0           ; 0          ; 0            ; 0       ; 0         ; 0    ; 0            ; 0          ; |HC_SR04|SEG7:mySEG7                                                                      ; SEG7        ; work         ;
;       |DIG_SEL:myDIG_SEL|             ; 2 (2)               ; 2 (2)                     ; 0           ; 0          ; 0            ; 0       ; 0         ; 0    ; 0            ; 0          ; |HC_SR04|SEG7:mySEG7|DIG_SEL:myDIG_SEL                                                    ; DIG_SEL     ; work         ;
;       |DISP:myDISP|                   ; 30 (30)             ; 0 (0)                     ; 0           ; 0          ; 0            ; 0       ; 0         ; 0    ; 0            ; 0          ; |HC_SR04|SEG7:mySEG7|DISP:myDISP                                                          ; DISP        ; work         ;
;       |FREQ_DIV:myFREQ_DIV|           ; 30 (30)             ; 18 (18)                   ; 0           ; 0          ; 0            ; 0       ; 0         ; 0    ; 0            ; 0          ; |HC_SR04|SEG7:mySEG7|FREQ_DIV:myFREQ_DIV                                                  ; FREQ_DIV    ; work         ;
;       |bin2bcd:mybin2bcd|             ; 86 (86)             ; 0 (0)                     ; 0           ; 0          ; 0            ; 0       ; 0         ; 0    ; 0            ; 0          ; |HC_SR04|SEG7:mySEG7|bin2bcd:mybin2bcd                                                    ; bin2bcd     ; work         ;
+---------------------------------------+---------------------+---------------------------+-------------+------------+--------------+---------+-----------+------+--------------+------------+-------------------------------------------------------------------------------------------+-------------+--------------+
Note: For table entries with two numbers listed, the numbers in parentheses indicate the number of resources of the given type used by the specific entity alone. The numbers listed outside of parentheses indicate the total resources of the given type used by the specific entity and all of its sub-entities in the hierarchy.


+-----------------------------------------------------+
; Analysis & Synthesis DSP Block Usage Summary        ;
+---------------------------------------+-------------+
; Statistic                             ; Number Used ;
+---------------------------------------+-------------+
; Simple Multipliers (9-bit)            ; 0           ;
; Simple Multipliers (18-bit)           ; 2           ;
; Embedded Multiplier Blocks            ; --          ;
; Embedded Multiplier 9-bit elements    ; 4           ;
; Signed Embedded Multipliers           ; 0           ;
; Unsigned Embedded Multipliers         ; 2           ;
; Mixed Sign Embedded Multipliers       ; 0           ;
; Variable Sign Embedded Multipliers    ; 0           ;
; Dedicated Input Shift Register Chains ; 0           ;
+---------------------------------------+-------------+
Note: number of Embedded Multiplier Blocks used is only available after a successful fit.


Encoding Type:  One-Hot
+----------------------------------------------------------------------------------------------------------------------------------------------------------------------------+
; State Machine - |HC_SR04|MS_HCSR04:myMS_HCSR04|estado_siguiente                                                                                                            ;
+---------------------------------+-----------------------+-------------------------------+---------------------------------+------------------------+-----------------------+
; Name                            ; estado_siguiente.DONE ; estado_siguiente.MEASURE_ECHO ; estado_siguiente.WAIT_ECHO_HIGH ; estado_siguiente.TRIGG ; estado_siguiente.IDLE ;
+---------------------------------+-----------------------+-------------------------------+---------------------------------+------------------------+-----------------------+
; estado_siguiente.IDLE           ; 0                     ; 0                             ; 0                               ; 0                      ; 0                     ;
; estado_siguiente.TRIGG          ; 0                     ; 0                             ; 0                               ; 1                      ; 1                     ;
; estado_siguiente.WAIT_ECHO_HIGH ; 0                     ; 0                             ; 1                               ; 0                      ; 1                     ;
; estado_siguiente.MEASURE_ECHO   ; 0                     ; 1                             ; 0                               ; 0                      ; 1                     ;
; estado_siguiente.DONE           ; 1                     ; 0                             ; 0                               ; 0                      ; 1                     ;
+---------------------------------+-----------------------+-------------------------------+---------------------------------+------------------------+-----------------------+


Encoding Type:  One-Hot
+----------------------------------------------------------------------------------------------------------------------------------------------------------+
; State Machine - |HC_SR04|MS_HCSR04:myMS_HCSR04|estado_actual                                                                                             ;
+------------------------------+--------------------+----------------------------+------------------------------+---------------------+--------------------+
; Name                         ; estado_actual.DONE ; estado_actual.MEASURE_ECHO ; estado_actual.WAIT_ECHO_HIGH ; estado_actual.TRIGG ; estado_actual.IDLE ;
+------------------------------+--------------------+----------------------------+------------------------------+---------------------+--------------------+
; estado_actual.IDLE           ; 0                  ; 0                          ; 0                            ; 0                   ; 0                  ;
; estado_actual.TRIGG          ; 0                  ; 0                          ; 0                            ; 1                   ; 1                  ;
; estado_actual.WAIT_ECHO_HIGH ; 0                  ; 0                          ; 1                            ; 0                   ; 1                  ;
; estado_actual.MEASURE_ECHO   ; 0                  ; 1                          ; 0                            ; 0                   ; 1                  ;
; estado_actual.DONE           ; 1                  ; 0                          ; 0                            ; 0                   ; 1                  ;
+------------------------------+--------------------+----------------------------+------------------------------+---------------------+--------------------+


+--------------------------------------------------------------------------------+
; Registers Removed During Synthesis                                             ;
+---------------------------------------+----------------------------------------+
; Register name                         ; Reason for Removal                     ;
+---------------------------------------+----------------------------------------+
; MS_HCSR04:myMS_HCSR04|distancia[13]   ; Stuck at GND due to stuck port data_in ;
; Total Number of Removed Registers = 1 ;                                        ;
+---------------------------------------+----------------------------------------+


+------------------------------------------------------+
; General Register Statistics                          ;
+----------------------------------------------+-------+
; Statistic                                    ; Value ;
+----------------------------------------------+-------+
; Total registers                              ; 149   ;
; Number of registers using Synchronous Clear  ; 31    ;
; Number of registers using Synchronous Load   ; 0     ;
; Number of registers using Asynchronous Clear ; 59    ;
; Number of registers using Asynchronous Load  ; 0     ;
; Number of registers using Clock Enable       ; 111   ;
; Number of registers using Preset             ; 0     ;
+----------------------------------------------+-------+


+--------------------------------------------------------------------------------------------------------------------------------------------------------------------+
; Multiplexer Restructuring Statistics (Restructuring Performed)                                                                                                     ;
+--------------------+-----------+---------------+----------------------+------------------------+------------+------------------------------------------------------+
; Multiplexer Inputs ; Bus Width ; Baseline Area ; Area if Restructured ; Saving if Restructured ; Registered ; Example Multiplexer Output                           ;
+--------------------+-----------+---------------+----------------------+------------------------+------------+------------------------------------------------------+
; 3:1                ; 22 bits   ; 44 LEs        ; 22 LEs               ; 22 LEs                 ; Yes        ; |HC_SR04|MS_HCSR04:myMS_HCSR04|Echo:myEcho|count[18] ;
; 3:1                ; 9 bits    ; 18 LEs        ; 9 LEs                ; 9 LEs                  ; Yes        ; |HC_SR04|MS_HCSR04:myMS_HCSR04|Trig:myTrig|count[5]  ;
; 4:1                ; 2 bits    ; 4 LEs         ; 4 LEs                ; 0 LEs                  ; Yes        ; |HC_SR04|MS_HCSR04:myMS_HCSR04|Trig:myTrig|done      ;
; 8:1                ; 3 bits    ; 15 LEs        ; 15 LEs               ; 0 LEs                  ; No         ; |HC_SR04|SEG7:mySEG7|DISP:myDISP|Mux2                ;
+--------------------+-----------+---------------+----------------------+------------------------+------------+------------------------------------------------------+


+-----------------------------------------------------------------------------------------------------------+
; Parameter Settings for Inferred Entity Instance: MS_HCSR04:myMS_HCSR04|Distance:myDistance|lpm_mult:Mult0 ;
+------------------------------------------------+----------+-----------------------------------------------+
; Parameter Name                                 ; Value    ; Type                                          ;
+------------------------------------------------+----------+-----------------------------------------------+
; AUTO_CARRY_CHAINS                              ; ON       ; AUTO_CARRY                                    ;
; IGNORE_CARRY_BUFFERS                           ; OFF      ; IGNORE_CARRY                                  ;
; AUTO_CASCADE_CHAINS                            ; ON       ; AUTO_CASCADE                                  ;
; IGNORE_CASCADE_BUFFERS                         ; OFF      ; IGNORE_CASCADE                                ;
; LPM_WIDTHA                                     ; 22       ; Untyped                                       ;
; LPM_WIDTHB                                     ; 10       ; Untyped                                       ;
; LPM_WIDTHP                                     ; 32       ; Untyped                                       ;
; LPM_WIDTHR                                     ; 32       ; Untyped                                       ;
; LPM_WIDTHS                                     ; 1        ; Untyped                                       ;
; LPM_REPRESENTATION                             ; UNSIGNED ; Untyped                                       ;
; LPM_PIPELINE                                   ; 0        ; Untyped                                       ;
; LATENCY                                        ; 0        ; Untyped                                       ;
; INPUT_A_IS_CONSTANT                            ; NO       ; Untyped                                       ;
; INPUT_B_IS_CONSTANT                            ; YES      ; Untyped                                       ;
; USE_EAB                                        ; OFF      ; Untyped                                       ;
; MAXIMIZE_SPEED                                 ; 5        ; Untyped                                       ;
; DEVICE_FAMILY                                  ; MAX 10   ; Untyped                                       ;
; CARRY_CHAIN                                    ; MANUAL   ; Untyped                                       ;
; APEX20K_TECHNOLOGY_MAPPER                      ; LUT      ; TECH_MAPPER_APEX20K                           ;
; DEDICATED_MULTIPLIER_CIRCUITRY                 ; AUTO     ; Untyped                                       ;
; DEDICATED_MULTIPLIER_MIN_INPUT_WIDTH_FOR_AUTO  ; 0        ; Untyped                                       ;
; DEDICATED_MULTIPLIER_MIN_OUTPUT_WIDTH_FOR_AUTO ; 0        ; Untyped                                       ;
; CBXI_PARAMETER                                 ; mult_7rs ; Untyped                                       ;
; INPUT_A_FIXED_VALUE                            ; Bx       ; Untyped                                       ;
; INPUT_B_FIXED_VALUE                            ; Bx       ; Untyped                                       ;
; USE_AHDL_IMPLEMENTATION                        ; OFF      ; Untyped                                       ;
+------------------------------------------------+----------+-----------------------------------------------+
Note: In order to hide this table in the UI and the text report file, please set the "Show Parameter Settings in Synthesis Report" option in "Analysis and Synthesis Settings -> More Settings" to "Off".


+--------------------------------------------------------------------------------------------------+
; lpm_mult Parameter Settings by Entity Instance                                                   ;
+---------------------------------------+----------------------------------------------------------+
; Name                                  ; Value                                                    ;
+---------------------------------------+----------------------------------------------------------+
; Number of entity instances            ; 1                                                        ;
; Entity Instance                       ; MS_HCSR04:myMS_HCSR04|Distance:myDistance|lpm_mult:Mult0 ;
;     -- LPM_WIDTHA                     ; 22                                                       ;
;     -- LPM_WIDTHB                     ; 10                                                       ;
;     -- LPM_WIDTHP                     ; 32                                                       ;
;     -- LPM_REPRESENTATION             ; UNSIGNED                                                 ;
;     -- INPUT_A_IS_CONSTANT            ; NO                                                       ;
;     -- INPUT_B_IS_CONSTANT            ; YES                                                      ;
;     -- USE_EAB                        ; OFF                                                      ;
;     -- DEDICATED_MULTIPLIER_CIRCUITRY ; AUTO                                                     ;
;     -- INPUT_A_FIXED_VALUE            ; Bx                                                       ;
;     -- INPUT_B_FIXED_VALUE            ; Bx                                                       ;
+---------------------------------------+----------------------------------------------------------+


+-----------------------------------------------------+
; Post-Synthesis Netlist Statistics for Top Partition ;
+-----------------------+-----------------------------+
; Type                  ; Count                       ;
+-----------------------+-----------------------------+
; boundary_port         ; 15                          ;
; cycloneiii_ff         ; 149                         ;
;     CLR               ; 6                           ;
;     ENA               ; 58                          ;
;     ENA CLR           ; 22                          ;
;     ENA CLR SCLR      ; 31                          ;
;     plain             ; 32                          ;
; cycloneiii_lcell_comb ; 253                         ;
;     arith             ; 78                          ;
;         2 data inputs ; 68                          ;
;         3 data inputs ; 10                          ;
;     normal            ; 175                         ;
;         0 data inputs ; 1                           ;
;         1 data inputs ; 8                           ;
;         2 data inputs ; 24                          ;
;         3 data inputs ; 25                          ;
;         4 data inputs ; 117                         ;
; cycloneiii_mac_mult   ; 2                           ;
; cycloneiii_mac_out    ; 2                           ;
;                       ;                             ;
; Max LUT depth         ; 16.00                       ;
; Average LUT depth     ; 4.95                        ;
+-----------------------+-----------------------------+


+-------------------------------+
; Elapsed Time Per Partition    ;
+----------------+--------------+
; Partition Name ; Elapsed Time ;
+----------------+--------------+
; Top            ; 00:00:03     ;
+----------------+--------------+


+-------------------------------+
; Analysis & Synthesis Messages ;
+-------------------------------+
Info: *******************************************************************
Info: Running Quartus Prime Analysis & Synthesis
    Info: Version 17.1.0 Build 590 10/25/2017 SJ Lite Edition
    Info: Processing started: Sat Jan 03 08:28:54 2026
Info: Command: quartus_map --read_settings_files=on --write_settings_files=off HC_SR04 -c HC_SR04
Warning (18236): Number of processors has not been specified which may cause overloading on shared machines.  Set the global assignment NUM_PARALLEL_PROCESSORS in your QSF to an appropriate value for best performance.
Info (20030): Parallel compilation is enabled and will use 4 of the 4 processors detected
Info (12021): Found 2 design units, including 1 entities, in source file hc_sr04.vhd
    Info (12022): Found design unit 1: HC_SR04-comp File: C:/Users/steel/Documents/FPGA_tasks/FPGA_REPO/FPGA-practices/HC_SR04/HC_SR04.vhd Line: 16
    Info (12023): Found entity 1: HC_SR04 File: C:/Users/steel/Documents/FPGA_tasks/FPGA_REPO/FPGA-practices/HC_SR04/HC_SR04.vhd Line: 5
Info (12021): Found 2 design units, including 1 entities, in source file trig.vhd
    Info (12022): Found design unit 1: Trig-comp File: C:/Users/steel/Documents/FPGA_tasks/FPGA_REPO/FPGA-practices/HC_SR04/Trig.vhd Line: 16
    Info (12023): Found entity 1: Trig File: C:/Users/steel/Documents/FPGA_tasks/FPGA_REPO/FPGA-practices/HC_SR04/Trig.vhd Line: 5
Info (12021): Found 2 design units, including 1 entities, in source file echo.vhd
    Info (12022): Found design unit 1: Echo-rtl File: C:/Users/steel/Documents/FPGA_tasks/FPGA_REPO/FPGA-practices/HC_SR04/Echo.vhd Line: 15
    Info (12023): Found entity 1: Echo File: C:/Users/steel/Documents/FPGA_tasks/FPGA_REPO/FPGA-practices/HC_SR04/Echo.vhd Line: 5
Info (12021): Found 2 design units, including 1 entities, in source file distance.vhd
    Info (12022): Found design unit 1: Distance-comp File: C:/Users/steel/Documents/FPGA_tasks/FPGA_REPO/FPGA-practices/HC_SR04/Distance.vhd Line: 12
    Info (12023): Found entity 1: Distance File: C:/Users/steel/Documents/FPGA_tasks/FPGA_REPO/FPGA-practices/HC_SR04/Distance.vhd Line: 5
Info (12021): Found 2 design units, including 1 entities, in source file bin2bcd.vhd
    Info (12022): Found design unit 1: bin2bcd-rtl File: C:/Users/steel/Documents/FPGA_tasks/FPGA_REPO/FPGA-practices/HC_SR04/bin2bcd.vhd Line: 12
    Info (12023): Found entity 1: bin2bcd File: C:/Users/steel/Documents/FPGA_tasks/FPGA_REPO/FPGA-practices/HC_SR04/bin2bcd.vhd Line: 5
Info (12021): Found 2 design units, including 1 entities, in source file freq_div.vhd
    Info (12022): Found design unit 1: FREQ_DIV-comp File: C:/Users/steel/Documents/FPGA_tasks/FPGA_REPO/FPGA-practices/HC_SR04/FREQ_DIV.vhd Line: 13
    Info (12023): Found entity 1: FREQ_DIV File: C:/Users/steel/Documents/FPGA_tasks/FPGA_REPO/FPGA-practices/HC_SR04/FREQ_DIV.vhd Line: 5
Info (12021): Found 2 design units, including 1 entities, in source file dig_sel.vhd
    Info (12022): Found design unit 1: DIG_SEL-comp File: C:/Users/steel/Documents/FPGA_tasks/FPGA_REPO/FPGA-practices/HC_SR04/DIG_SEL.vhd Line: 13
    Info (12023): Found entity 1: DIG_SEL File: C:/Users/steel/Documents/FPGA_tasks/FPGA_REPO/FPGA-practices/HC_SR04/DIG_SEL.vhd Line: 5
Info (12021): Found 2 design units, including 1 entities, in source file disp.vhd
    Info (12022): Found design unit 1: DISP-comp File: C:/Users/steel/Documents/FPGA_tasks/FPGA_REPO/FPGA-practices/HC_SR04/DISP.vhd Line: 16
    Info (12023): Found entity 1: DISP File: C:/Users/steel/Documents/FPGA_tasks/FPGA_REPO/FPGA-practices/HC_SR04/DISP.vhd Line: 5
Info (12021): Found 2 design units, including 1 entities, in source file seg7.vhd
    Info (12022): Found design unit 1: SEG7-comp File: C:/Users/steel/Documents/FPGA_tasks/FPGA_REPO/FPGA-practices/HC_SR04/SEG7.vhd Line: 16
    Info (12023): Found entity 1: SEG7 File: C:/Users/steel/Documents/FPGA_tasks/FPGA_REPO/FPGA-practices/HC_SR04/SEG7.vhd Line: 5
Info (12021): Found 2 design units, including 1 entities, in source file ms_hcsr04.vhd
    Info (12022): Found design unit 1: MS_HCSR04-comp File: C:/Users/steel/Documents/FPGA_tasks/FPGA_REPO/FPGA-practices/HC_SR04/MS_HCSR04.vhd Line: 14
    Info (12023): Found entity 1: MS_HCSR04 File: C:/Users/steel/Documents/FPGA_tasks/FPGA_REPO/FPGA-practices/HC_SR04/MS_HCSR04.vhd Line: 5
Info (12127): Elaborating entity "HC_SR04" for the top level hierarchy
Warning (10541): VHDL Signal Declaration warning at HC_SR04.vhd(19): used implicit default value for signal "reset" because signal was never assigned a value or an explicit default value. Use of implicit default value may introduce unintended design optimizations. File: C:/Users/steel/Documents/FPGA_tasks/FPGA_REPO/FPGA-practices/HC_SR04/HC_SR04.vhd Line: 19
Info (12129): Elaborating entity "MS_HCSR04" using architecture "A:comp" for hierarchy "MS_HCSR04:myMS_HCSR04" File: C:/Users/steel/Documents/FPGA_tasks/FPGA_REPO/FPGA-practices/HC_SR04/HC_SR04.vhd Line: 46
Warning (10492): VHDL Process Statement warning at MS_HCSR04.vhd(113): signal "clk" is read inside the Process Statement but isn't in the Process Statement's sensitivity list File: C:/Users/steel/Documents/FPGA_tasks/FPGA_REPO/FPGA-practices/HC_SR04/MS_HCSR04.vhd Line: 113
Info (12129): Elaborating entity "Trig" using architecture "A:comp" for hierarchy "MS_HCSR04:myMS_HCSR04|Trig:myTrig" File: C:/Users/steel/Documents/FPGA_tasks/FPGA_REPO/FPGA-practices/HC_SR04/MS_HCSR04.vhd Line: 74
Info (12129): Elaborating entity "Echo" using architecture "A:rtl" for hierarchy "MS_HCSR04:myMS_HCSR04|Echo:myEcho" File: C:/Users/steel/Documents/FPGA_tasks/FPGA_REPO/FPGA-practices/HC_SR04/MS_HCSR04.vhd Line: 83
Info (12129): Elaborating entity "Distance" using architecture "A:comp" for hierarchy "MS_HCSR04:myMS_HCSR04|Distance:myDistance" File: C:/Users/steel/Documents/FPGA_tasks/FPGA_REPO/FPGA-practices/HC_SR04/MS_HCSR04.vhd Line: 92
Info (12129): Elaborating entity "SEG7" using architecture "A:comp" for hierarchy "SEG7:mySEG7" File: C:/Users/steel/Documents/FPGA_tasks/FPGA_REPO/FPGA-practices/HC_SR04/HC_SR04.vhd Line: 54
Info (12129): Elaborating entity "FREQ_DIV" using architecture "A:comp" for hierarchy "SEG7:mySEG7|FREQ_DIV:myFREQ_DIV" File: C:/Users/steel/Documents/FPGA_tasks/FPGA_REPO/FPGA-practices/HC_SR04/SEG7.vhd Line: 67
Info (12129): Elaborating entity "DIG_SEL" using architecture "A:comp" for hierarchy "SEG7:mySEG7|DIG_SEL:myDIG_SEL" File: C:/Users/steel/Documents/FPGA_tasks/FPGA_REPO/FPGA-practices/HC_SR04/SEG7.vhd Line: 74
Info (12129): Elaborating entity "bin2bcd" using architecture "A:rtl" for hierarchy "SEG7:mySEG7|bin2bcd:mybin2bcd" File: C:/Users/steel/Documents/FPGA_tasks/FPGA_REPO/FPGA-practices/HC_SR04/SEG7.vhd Line: 81
Info (12129): Elaborating entity "DISP" using architecture "A:comp" for hierarchy "SEG7:mySEG7|DISP:myDISP" File: C:/Users/steel/Documents/FPGA_tasks/FPGA_REPO/FPGA-practices/HC_SR04/SEG7.vhd Line: 87
Info (278001): Inferred 1 megafunctions from design logic
    Info (278003): Inferred multiplier megafunction ("lpm_mult") from the following logic: "MS_HCSR04:myMS_HCSR04|Distance:myDistance|Mult0" File: C:/Users/steel/Documents/FPGA_tasks/FPGA_REPO/FPGA-practices/HC_SR04/Distance.vhd Line: 20
Info (12130): Elaborated megafunction instantiation "MS_HCSR04:myMS_HCSR04|Distance:myDistance|lpm_mult:Mult0" File: C:/Users/steel/Documents/FPGA_tasks/FPGA_REPO/FPGA-practices/HC_SR04/Distance.vhd Line: 20
Info (12133): Instantiated megafunction "MS_HCSR04:myMS_HCSR04|Distance:myDistance|lpm_mult:Mult0" with the following parameter: File: C:/Users/steel/Documents/FPGA_tasks/FPGA_REPO/FPGA-practices/HC_SR04/Distance.vhd Line: 20
    Info (12134): Parameter "LPM_WIDTHA" = "22"
    Info (12134): Parameter "LPM_WIDTHB" = "10"
    Info (12134): Parameter "LPM_WIDTHP" = "32"
    Info (12134): Parameter "LPM_WIDTHR" = "32"
    Info (12134): Parameter "LPM_WIDTHS" = "1"
    Info (12134): Parameter "LPM_REPRESENTATION" = "UNSIGNED"
    Info (12134): Parameter "INPUT_A_IS_CONSTANT" = "NO"
    Info (12134): Parameter "INPUT_B_IS_CONSTANT" = "YES"
    Info (12134): Parameter "MAXIMIZE_SPEED" = "5"
Info (12021): Found 1 design units, including 1 entities, in source file db/mult_7rs.tdf
    Info (12023): Found entity 1: mult_7rs File: C:/Users/steel/Documents/FPGA_tasks/FPGA_REPO/FPGA-practices/HC_SR04/db/mult_7rs.tdf Line: 30
Info (13014): Ignored 23 buffer(s)
    Info (13019): Ignored 23 SOFT buffer(s)
Warning (13024): Output pins are stuck at VCC or GND
    Warning (13410): Pin "dp" is stuck at VCC File: C:/Users/steel/Documents/FPGA_tasks/FPGA_REPO/FPGA-practices/HC_SR04/HC_SR04.vhd Line: 12
Info (286030): Timing-Driven Synthesis is running
Info (16010): Generating hard_block partition "hard_block:auto_generated_inst"
    Info (16011): Adding 0 node(s), including 0 DDIO, 0 PLL, 0 transceiver and 0 LCELL
Info (21057): Implemented 322 device resources after synthesis - the final resource count might be different
    Info (21058): Implemented 2 input pins
    Info (21059): Implemented 13 output pins
    Info (21061): Implemented 303 logic cells
    Info (21062): Implemented 4 DSP elements
Info: Quartus Prime Analysis & Synthesis was successful. 0 errors, 5 warnings
    Info: Peak virtual memory: 4811 megabytes
    Info: Processing ended: Sat Jan 03 08:29:36 2026
    Info: Elapsed time: 00:00:42
    Info: Total CPU time (on all processors): 00:00:27


